2025-12-11T22:54:37 Saved: /mnt/c/Users/yeonj/OneDrive/Cryptocurrency_MultiCoinTracker/Plots/BTC_price.png
2025-12-11T22:54:37 Saved: /mnt/c/Users/yeonj/OneDrive/Cryptocurrency_MultiCoinTracker/Plots/ETH_price.png
2025-12-11T22:54:37 Saved: /mnt/c/Users/yeonj/OneDrive/Cryptocurrency_MultiCoinTracker/Plots/SOL_price.png
2025-12-11T22:54:38 Saved: /mnt/c/Users/yeonj/OneDrive/Cryptocurrency_MultiCoinTracker/Plots/BNB_price.png
2025-12-11T22:54:38 Saved: /mnt/c/Users/yeonj/OneDrive/Cryptocurrency_MultiCoinTracker/Plots/XRP_price.png
2025-12-11T22:54:38 Saved: /mnt/c/Users/yeonj/OneDrive/Cryptocurrency_MultiCoinTracker/Plots/ADA_price.png
2025-12-11T22:54:38 Saved: /mnt/c/Users/yeonj/OneDrive/Cryptocurrency_MultiCoinTracker/Plots/DOGE_price.png
2025-12-11T22:54:38 Saved: /mnt/c/Users/yeonj/OneDrive/Cryptocurrency_MultiCoinTracker/Plots/TRX_price.png
2025-12-11T22:54:38 Saved: /mnt/c/Users/yeonj/OneDrive/Cryptocurrency_MultiCoinTracker/Plots/LINK_price.png
2025-12-11T22:54:39 Saved: /mnt/c/Users/yeonj/OneDrive/Cryptocurrency_MultiCoinTracker/Plots/LTC_price.png
2025-12-11T22:54:39 All plots complete.
2025-12-11T22:58:33 Saved: /mnt/c/Users/yeonj/OneDrive/Cryptocurrency_MultiCoinTracker/Plots/BTC_price.png
2025-12-11T22:58:34 Saved: /mnt/c/Users/yeonj/OneDrive/Cryptocurrency_MultiCoinTracker/Plots/ETH_price.png
2025-12-11T22:58:34 Saved: /mnt/c/Users/yeonj/OneDrive/Cryptocurrency_MultiCoinTracker/Plots/SOL_price.png
2025-12-11T22:58:34 Saved: /mnt/c/Users/yeonj/OneDrive/Cryptocurrency_MultiCoinTracker/Plots/BNB_price.png
2025-12-11T22:58:34 Saved: /mnt/c/Users/yeonj/OneDrive/Cryptocurrency_MultiCoinTracker/Plots/XRP_price.png
2025-12-11T22:58:34 Saved: /mnt/c/Users/yeonj/OneDrive/Cryptocurrency_MultiCoinTracker/Plots/ADA_price.png
2025-12-11T22:58:34 Saved: /mnt/c/Users/yeonj/OneDrive/Cryptocurrency_MultiCoinTracker/Plots/DOGE_price.png
2025-12-11T22:58:34 Saved: /mnt/c/Users/yeonj/OneDrive/Cryptocurrency_MultiCoinTracker/Plots/TRX_price.png
2025-12-11T22:58:35 Saved: /mnt/c/Users/yeonj/OneDrive/Cryptocurrency_MultiCoinTracker/Plots/LINK_price.png
2025-12-11T22:58:35 Saved: /mnt/c/Users/yeonj/OneDrive/Cryptocurrency_MultiCoinTracker/Plots/LTC_price.png
2025-12-11T22:58:35 All plots complete.
2025-12-11T23:08:18 Generating price plots for 10 cryptocurrencies...
2025-12-11T23:08:18 Saved price plot → /mnt/c/Users/yeonj/OneDrive/Cryptocurrency_MultiCoinTracker/Plots/BTC_price.png
2025-12-11T23:08:18 Saved price plot → /mnt/c/Users/yeonj/OneDrive/Cryptocurrency_MultiCoinTracker/Plots/ETH_price.png
2025-12-11T23:08:18 Saved price plot → /mnt/c/Users/yeonj/OneDrive/Cryptocurrency_MultiCoinTracker/Plots/SOL_price.png
2025-12-11T23:08:19 Saved price plot → /mnt/c/Users/yeonj/OneDrive/Cryptocurrency_MultiCoinTracker/Plots/BNB_price.png
2025-12-11T23:08:19 Saved price plot → /mnt/c/Users/yeonj/OneDrive/Cryptocurrency_MultiCoinTracker/Plots/XRP_price.png
2025-12-11T23:08:19 Saved price plot → /mnt/c/Users/yeonj/OneDrive/Cryptocurrency_MultiCoinTracker/Plots/ADA_price.png
2025-12-11T23:08:19 Saved price plot → /mnt/c/Users/yeonj/OneDrive/Cryptocurrency_MultiCoinTracker/Plots/DOGE_price.png
2025-12-11T23:08:19 Saved price plot → /mnt/c/Users/yeonj/OneDrive/Cryptocurrency_MultiCoinTracker/Plots/TRX_price.png
2025-12-11T23:08:19 Saved price plot → /mnt/c/Users/yeonj/OneDrive/Cryptocurrency_MultiCoinTracker/Plots/LINK_price.png
2025-12-11T23:08:19 Saved price plot → /mnt/c/Users/yeonj/OneDrive/Cryptocurrency_MultiCoinTracker/Plots/LTC_price.png
2025-12-11T23:08:19 Generating 24h change plots (BTC, ETH)...
2025-12-11T23:08:20 Saved 24h change plot → /mnt/c/Users/yeonj/OneDrive/Cryptocurrency_MultiCoinTracker/Plots/BTC_change24.png
2025-12-11T23:08:20 Saved 24h change plot → /mnt/c/Users/yeonj/OneDrive/Cryptocurrency_MultiCoinTracker/Plots/ETH_change24.png
2025-12-11T23:08:20 Finished generating plots.
2025-12-11T23:13:56 Generating price plots for 10 cryptocurrencies...
2025-12-11T23:13:56 Saved price plot → /mnt/c/Users/yeonj/OneDrive/Cryptocurrency_MultiCoinTracker/Plots/BTC_price.png
2025-12-11T23:13:56 Saved price plot → /mnt/c/Users/yeonj/OneDrive/Cryptocurrency_MultiCoinTracker/Plots/ETH_price.png
2025-12-11T23:13:57 Saved price plot → /mnt/c/Users/yeonj/OneDrive/Cryptocurrency_MultiCoinTracker/Plots/SOL_price.png
2025-12-11T23:13:57 Saved price plot → /mnt/c/Users/yeonj/OneDrive/Cryptocurrency_MultiCoinTracker/Plots/BNB_price.png
2025-12-11T23:13:57 Saved price plot → /mnt/c/Users/yeonj/OneDrive/Cryptocurrency_MultiCoinTracker/Plots/XRP_price.png
2025-12-11T23:13:57 Saved price plot → /mnt/c/Users/yeonj/OneDrive/Cryptocurrency_MultiCoinTracker/Plots/ADA_price.png
2025-12-11T23:13:57 Saved price plot → /mnt/c/Users/yeonj/OneDrive/Cryptocurrency_MultiCoinTracker/Plots/DOGE_price.png
2025-12-11T23:13:58 Saved price plot → /mnt/c/Users/yeonj/OneDrive/Cryptocurrency_MultiCoinTracker/Plots/TRX_price.png
2025-12-11T23:13:58 Saved price plot → /mnt/c/Users/yeonj/OneDrive/Cryptocurrency_MultiCoinTracker/Plots/LINK_price.png
2025-12-11T23:13:58 Saved price plot → /mnt/c/Users/yeonj/OneDrive/Cryptocurrency_MultiCoinTracker/Plots/LTC_price.png
2025-12-11T23:13:58 Generating 24h change plots (BTC, ETH)...
2025-12-11T23:13:58 Saved 24h change plot → /mnt/c/Users/yeonj/OneDrive/Cryptocurrency_MultiCoinTracker/Plots/BTC_change24.png
2025-12-11T23:13:58 Saved 24h change plot → /mnt/c/Users/yeonj/OneDrive/Cryptocurrency_MultiCoinTracker/Plots/ETH_change24.png
2025-12-11T23:13:58 Finished generating plots.
2025-12-12T00:00:01 Generating price plots for 10 cryptocurrencies...
2025-12-12T00:00:02 No data for bitcoin (price). Skipping.
2025-12-12T00:00:02 No data for ethereum (price). Skipping.
2025-12-12T00:00:02 No data for solana (price). Skipping.
2025-12-12T00:00:02 No data for binancecoin (price). Skipping.
2025-12-12T00:00:02 No data for ripple (price). Skipping.
2025-12-12T00:00:02 No data for cardano (price). Skipping.
2025-12-12T00:00:02 No data for dogecoin (price). Skipping.
2025-12-12T00:00:02 No data for tron (price). Skipping.
2025-12-12T00:00:02 No data for chainlink (price). Skipping.
2025-12-12T00:00:02 No data for litecoin (price). Skipping.
2025-12-12T00:00:02 Generating 24h change plots (BTC, ETH)...
2025-12-12T00:00:02 No data for bitcoin (24h change). Skipping.
2025-12-12T00:00:02 No data for ethereum (24h change). Skipping.
2025-12-12T00:00:02 Finished generating plots.
2025-12-12T00:09:43 Generating price plots for 10 cryptocurrencies...
2025-12-12T00:09:43 Saved price plot → /mnt/c/Users/yeonj/OneDrive/Cryptocurrency_MultiCoinTracker/Plots/BTC_price.png
2025-12-12T00:09:44 Saved price plot → /mnt/c/Users/yeonj/OneDrive/Cryptocurrency_MultiCoinTracker/Plots/ETH_price.png
2025-12-12T00:09:44 Saved price plot → /mnt/c/Users/yeonj/OneDrive/Cryptocurrency_MultiCoinTracker/Plots/SOL_price.png
2025-12-12T00:09:44 Saved price plot → /mnt/c/Users/yeonj/OneDrive/Cryptocurrency_MultiCoinTracker/Plots/BNB_price.png
2025-12-12T00:09:44 Saved price plot → /mnt/c/Users/yeonj/OneDrive/Cryptocurrency_MultiCoinTracker/Plots/XRP_price.png
2025-12-12T00:09:44 Saved price plot → /mnt/c/Users/yeonj/OneDrive/Cryptocurrency_MultiCoinTracker/Plots/ADA_price.png
2025-12-12T00:09:44 Saved price plot → /mnt/c/Users/yeonj/OneDrive/Cryptocurrency_MultiCoinTracker/Plots/DOGE_price.png
2025-12-12T00:09:44 Saved price plot → /mnt/c/Users/yeonj/OneDrive/Cryptocurrency_MultiCoinTracker/Plots/TRX_price.png
2025-12-12T00:09:44 Saved price plot → /mnt/c/Users/yeonj/OneDrive/Cryptocurrency_MultiCoinTracker/Plots/LINK_price.png
2025-12-12T00:09:45 Saved price plot → /mnt/c/Users/yeonj/OneDrive/Cryptocurrency_MultiCoinTracker/Plots/LTC_price.png
2025-12-12T00:09:45 Generating 24h change plots (BTC, ETH)...
2025-12-12T00:09:45 Saved 24h change plot → /mnt/c/Users/yeonj/OneDrive/Cryptocurrency_MultiCoinTracker/Plots/BTC_change24.png
2025-12-12T00:09:45 Saved 24h change plot → /mnt/c/Users/yeonj/OneDrive/Cryptocurrency_MultiCoinTracker/Plots/ETH_change24.png
2025-12-12T00:09:45 Finished generating plots.
2025-12-12T00:14:01 Generating price plots for 10 cryptocurrencies...
2025-12-12T00:14:01 Saved price plot → /mnt/c/Users/yeonj/OneDrive/Cryptocurrency_MultiCoinTracker/Plots/BTC_price.png
2025-12-12T00:14:01 Saved price plot → /mnt/c/Users/yeonj/OneDrive/Cryptocurrency_MultiCoinTracker/Plots/ETH_price.png
2025-12-12T00:14:02 Saved price plot → /mnt/c/Users/yeonj/OneDrive/Cryptocurrency_MultiCoinTracker/Plots/SOL_price.png
2025-12-12T00:14:02 Saved price plot → /mnt/c/Users/yeonj/OneDrive/Cryptocurrency_MultiCoinTracker/Plots/BNB_price.png
2025-12-12T00:14:02 Saved price plot → /mnt/c/Users/yeonj/OneDrive/Cryptocurrency_MultiCoinTracker/Plots/XRP_price.png
2025-12-12T00:14:02 Saved price plot → /mnt/c/Users/yeonj/OneDrive/Cryptocurrency_MultiCoinTracker/Plots/ADA_price.png
2025-12-12T00:14:02 Saved price plot → /mnt/c/Users/yeonj/OneDrive/Cryptocurrency_MultiCoinTracker/Plots/DOGE_price.png
2025-12-12T00:14:02 Saved price plot → /mnt/c/Users/yeonj/OneDrive/Cryptocurrency_MultiCoinTracker/Plots/TRX_price.png
2025-12-12T00:14:02 Saved price plot → /mnt/c/Users/yeonj/OneDrive/Cryptocurrency_MultiCoinTracker/Plots/LINK_price.png
2025-12-12T00:14:03 Saved price plot → /mnt/c/Users/yeonj/OneDrive/Cryptocurrency_MultiCoinTracker/Plots/LTC_price.png
2025-12-12T00:14:03 Generating 24h change plots (BTC, ETH)...
2025-12-12T00:14:03 Saved 24h change plot → /mnt/c/Users/yeonj/OneDrive/Cryptocurrency_MultiCoinTracker/Plots/BTC_change24.png
2025-12-12T00:14:03 Saved 24h change plot → /mnt/c/Users/yeonj/OneDrive/Cryptocurrency_MultiCoinTracker/Plots/ETH_change24.png
2025-12-12T00:14:03 Finished generating plots.
2025-12-12T00:27:36 Generating price plots for 10 cryptocurrencies...
2025-12-12T00:27:37 Saved price plot → /mnt/c/Users/yeonj/OneDrive/Cryptocurrency_MultiCoinTracker/Plots/BTC_price.png
2025-12-12T00:27:37 Saved price plot → /mnt/c/Users/yeonj/OneDrive/Cryptocurrency_MultiCoinTracker/Plots/ETH_price.png
2025-12-12T00:27:37 Saved price plot → /mnt/c/Users/yeonj/OneDrive/Cryptocurrency_MultiCoinTracker/Plots/SOL_price.png
2025-12-12T00:27:37 Saved price plot → /mnt/c/Users/yeonj/OneDrive/Cryptocurrency_MultiCoinTracker/Plots/BNB_price.png
2025-12-12T00:27:37 Saved price plot → /mnt/c/Users/yeonj/OneDrive/Cryptocurrency_MultiCoinTracker/Plots/XRP_price.png
2025-12-12T00:27:37 Saved price plot → /mnt/c/Users/yeonj/OneDrive/Cryptocurrency_MultiCoinTracker/Plots/ADA_price.png
2025-12-12T00:27:38 Saved price plot → /mnt/c/Users/yeonj/OneDrive/Cryptocurrency_MultiCoinTracker/Plots/DOGE_price.png
2025-12-12T00:27:38 Saved price plot → /mnt/c/Users/yeonj/OneDrive/Cryptocurrency_MultiCoinTracker/Plots/TRX_price.png
2025-12-12T00:27:38 Saved price plot → /mnt/c/Users/yeonj/OneDrive/Cryptocurrency_MultiCoinTracker/Plots/LINK_price.png
2025-12-12T00:27:38 Saved price plot → /mnt/c/Users/yeonj/OneDrive/Cryptocurrency_MultiCoinTracker/Plots/LTC_price.png
2025-12-12T00:27:38 Generating 24h change plots (BTC, ETH)...
2025-12-12T00:27:38 Saved 24h change plot → /mnt/c/Users/yeonj/OneDrive/Cryptocurrency_MultiCoinTracker/Plots/BTC_change24.png
2025-12-12T00:27:38 Saved 24h change plot → /mnt/c/Users/yeonj/OneDrive/Cryptocurrency_MultiCoinTracker/Plots/ETH_change24.png
2025-12-12T00:27:38 Finished generating plots.
2025-12-12T12:00:01 Generating price plots for 10 cryptocurrencies...
2025-12-12T12:00:01 Saved price plot → /mnt/c/Users/yeonj/OneDrive/Cryptocurrency_MultiCoinTracker/Plots/BTC_price.png
2025-12-12T12:00:01 Saved price plot → /mnt/c/Users/yeonj/OneDrive/Cryptocurrency_MultiCoinTracker/Plots/ETH_price.png
2025-12-12T12:00:01 Saved price plot → /mnt/c/Users/yeonj/OneDrive/Cryptocurrency_MultiCoinTracker/Plots/SOL_price.png
2025-12-12T12:00:01 Saved price plot → /mnt/c/Users/yeonj/OneDrive/Cryptocurrency_MultiCoinTracker/Plots/BNB_price.png
2025-12-12T12:00:02 Saved price plot → /mnt/c/Users/yeonj/OneDrive/Cryptocurrency_MultiCoinTracker/Plots/XRP_price.png
2025-12-12T12:00:02 Saved price plot → /mnt/c/Users/yeonj/OneDrive/Cryptocurrency_MultiCoinTracker/Plots/ADA_price.png
2025-12-12T12:00:02 Saved price plot → /mnt/c/Users/yeonj/OneDrive/Cryptocurrency_MultiCoinTracker/Plots/DOGE_price.png
2025-12-12T12:00:02 Saved price plot → /mnt/c/Users/yeonj/OneDrive/Cryptocurrency_MultiCoinTracker/Plots/TRX_price.png
2025-12-12T12:00:02 Saved price plot → /mnt/c/Users/yeonj/OneDrive/Cryptocurrency_MultiCoinTracker/Plots/LINK_price.png
2025-12-12T12:00:02 Saved price plot → /mnt/c/Users/yeonj/OneDrive/Cryptocurrency_MultiCoinTracker/Plots/LTC_price.png
2025-12-12T12:00:02 Generating 24h change plots (BTC, ETH)...
2025-12-12T12:00:02 Saved 24h change plot → /mnt/c/Users/yeonj/OneDrive/Cryptocurrency_MultiCoinTracker/Plots/BTC_change24.png
2025-12-12T12:00:03 Saved 24h change plot → /mnt/c/Users/yeonj/OneDrive/Cryptocurrency_MultiCoinTracker/Plots/ETH_change24.png
2025-12-12T12:00:03 Finished generating plots.
2025-12-12T12:13:12 Generating price plots for 10 cryptocurrencies...
2025-12-12T12:13:13 Saved price plot → /mnt/c/Users/yeonj/OneDrive/Cryptocurrency_MultiCoinTracker/Plots/BTC_price.png
2025-12-12T12:13:13 Saved price plot → /mnt/c/Users/yeonj/OneDrive/Cryptocurrency_MultiCoinTracker/Plots/ETH_price.png
2025-12-12T12:13:14 Saved price plot → /mnt/c/Users/yeonj/OneDrive/Cryptocurrency_MultiCoinTracker/Plots/SOL_price.png
2025-12-12T12:13:14 Saved price plot → /mnt/c/Users/yeonj/OneDrive/Cryptocurrency_MultiCoinTracker/Plots/BNB_price.png
2025-12-12T12:13:14 Saved price plot → /mnt/c/Users/yeonj/OneDrive/Cryptocurrency_MultiCoinTracker/Plots/XRP_price.png
2025-12-12T12:13:14 Saved price plot → /mnt/c/Users/yeonj/OneDrive/Cryptocurrency_MultiCoinTracker/Plots/ADA_price.png
2025-12-12T12:13:14 Saved price plot → /mnt/c/Users/yeonj/OneDrive/Cryptocurrency_MultiCoinTracker/Plots/DOGE_price.png
2025-12-12T12:13:14 Saved price plot → /mnt/c/Users/yeonj/OneDrive/Cryptocurrency_MultiCoinTracker/Plots/TRX_price.png
2025-12-12T12:13:15 Saved price plot → /mnt/c/Users/yeonj/OneDrive/Cryptocurrency_MultiCoinTracker/Plots/LINK_price.png
2025-12-12T12:13:15 Saved price plot → /mnt/c/Users/yeonj/OneDrive/Cryptocurrency_MultiCoinTracker/Plots/LTC_price.png
2025-12-12T12:13:15 Generating 24h change plots (BTC, ETH)...
2025-12-12T12:13:15 Saved 24h change plot → /mnt/c/Users/yeonj/OneDrive/Cryptocurrency_MultiCoinTracker/Plots/BTC_change24.png
2025-12-12T12:13:15 Saved 24h change plot → /mnt/c/Users/yeonj/OneDrive/Cryptocurrency_MultiCoinTracker/Plots/ETH_change24.png
2025-12-12T12:13:15 Finished generating plots.
2025-12-12T12:30:01 Generating price plots for 10 cryptocurrencies...
2025-12-12T12:30:01 Saved price plot → /mnt/c/Users/yeonj/OneDrive/Cryptocurrency_MultiCoinTracker/Plots/BTC_price.png
2025-12-12T12:30:01 Saved price plot → /mnt/c/Users/yeonj/OneDrive/Cryptocurrency_MultiCoinTracker/Plots/ETH_price.png
2025-12-12T12:30:02 Saved price plot → /mnt/c/Users/yeonj/OneDrive/Cryptocurrency_MultiCoinTracker/Plots/SOL_price.png
2025-12-12T12:30:02 Saved price plot → /mnt/c/Users/yeonj/OneDrive/Cryptocurrency_MultiCoinTracker/Plots/BNB_price.png
2025-12-12T12:30:02 Saved price plot → /mnt/c/Users/yeonj/OneDrive/Cryptocurrency_MultiCoinTracker/Plots/XRP_price.png
2025-12-12T12:30:03 Saved price plot → /mnt/c/Users/yeonj/OneDrive/Cryptocurrency_MultiCoinTracker/Plots/ADA_price.png
2025-12-12T12:30:03 Saved price plot → /mnt/c/Users/yeonj/OneDrive/Cryptocurrency_MultiCoinTracker/Plots/DOGE_price.png
2025-12-12T12:30:03 Saved price plot → /mnt/c/Users/yeonj/OneDrive/Cryptocurrency_MultiCoinTracker/Plots/TRX_price.png
2025-12-12T12:30:04 Saved price plot → /mnt/c/Users/yeonj/OneDrive/Cryptocurrency_MultiCoinTracker/Plots/LINK_price.png
2025-12-12T12:30:04 Saved price plot → /mnt/c/Users/yeonj/OneDrive/Cryptocurrency_MultiCoinTracker/Plots/LTC_price.png
2025-12-12T12:30:04 Generating 24h change plots (BTC, ETH)...
2025-12-12T12:30:04 Saved 24h change plot → /mnt/c/Users/yeonj/OneDrive/Cryptocurrency_MultiCoinTracker/Plots/BTC_change24.png
2025-12-12T12:30:04 Saved 24h change plot → /mnt/c/Users/yeonj/OneDrive/Cryptocurrency_MultiCoinTracker/Plots/ETH_change24.png
2025-12-12T12:30:04 Finished generating plots.
2025-12-12T13:00:01 Generating price plots for 10 cryptocurrencies...
2025-12-12T13:00:01 Saved price plot → /mnt/c/Users/yeonj/OneDrive/Cryptocurrency_MultiCoinTracker/Plots/BTC_price.png
2025-12-12T13:00:02 Saved price plot → /mnt/c/Users/yeonj/OneDrive/Cryptocurrency_MultiCoinTracker/Plots/ETH_price.png
2025-12-12T13:00:02 Saved price plot → /mnt/c/Users/yeonj/OneDrive/Cryptocurrency_MultiCoinTracker/Plots/SOL_price.png
2025-12-12T13:00:02 Saved price plot → /mnt/c/Users/yeonj/OneDrive/Cryptocurrency_MultiCoinTracker/Plots/BNB_price.png
2025-12-12T13:00:02 Saved price plot → /mnt/c/Users/yeonj/OneDrive/Cryptocurrency_MultiCoinTracker/Plots/XRP_price.png
2025-12-12T13:00:03 Saved price plot → /mnt/c/Users/yeonj/OneDrive/Cryptocurrency_MultiCoinTracker/Plots/ADA_price.png
2025-12-12T13:00:03 Saved price plot → /mnt/c/Users/yeonj/OneDrive/Cryptocurrency_MultiCoinTracker/Plots/DOGE_price.png
2025-12-12T13:00:03 Saved price plot → /mnt/c/Users/yeonj/OneDrive/Cryptocurrency_MultiCoinTracker/Plots/TRX_price.png
2025-12-12T13:00:03 Saved price plot → /mnt/c/Users/yeonj/OneDrive/Cryptocurrency_MultiCoinTracker/Plots/LINK_price.png
2025-12-12T13:00:03 Saved price plot → /mnt/c/Users/yeonj/OneDrive/Cryptocurrency_MultiCoinTracker/Plots/LTC_price.png
2025-12-12T13:00:03 Generating 24h change plots (BTC, ETH)...
2025-12-12T13:00:03 Saved 24h change plot → /mnt/c/Users/yeonj/OneDrive/Cryptocurrency_MultiCoinTracker/Plots/BTC_change24.png
2025-12-12T13:00:04 Saved 24h change plot → /mnt/c/Users/yeonj/OneDrive/Cryptocurrency_MultiCoinTracker/Plots/ETH_change24.png
2025-12-12T13:00:04 Finished generating plots.
2025-12-12T13:30:01 Generating price plots for 10 cryptocurrencies...
2025-12-12T13:30:01 Saved price plot → /mnt/c/Users/yeonj/OneDrive/Cryptocurrency_MultiCoinTracker/Plots/BTC_price.png
2025-12-12T13:30:01 Saved price plot → /mnt/c/Users/yeonj/OneDrive/Cryptocurrency_MultiCoinTracker/Plots/ETH_price.png
2025-12-12T13:30:02 Saved price plot → /mnt/c/Users/yeonj/OneDrive/Cryptocurrency_MultiCoinTracker/Plots/SOL_price.png
2025-12-12T13:30:02 Saved price plot → /mnt/c/Users/yeonj/OneDrive/Cryptocurrency_MultiCoinTracker/Plots/BNB_price.png
2025-12-12T13:30:02 Saved price plot → /mnt/c/Users/yeonj/OneDrive/Cryptocurrency_MultiCoinTracker/Plots/XRP_price.png
2025-12-12T13:30:02 Saved price plot → /mnt/c/Users/yeonj/OneDrive/Cryptocurrency_MultiCoinTracker/Plots/ADA_price.png
2025-12-12T13:30:03 Saved price plot → /mnt/c/Users/yeonj/OneDrive/Cryptocurrency_MultiCoinTracker/Plots/DOGE_price.png
2025-12-12T13:30:03 Saved price plot → /mnt/c/Users/yeonj/OneDrive/Cryptocurrency_MultiCoinTracker/Plots/TRX_price.png
2025-12-12T13:30:03 Saved price plot → /mnt/c/Users/yeonj/OneDrive/Cryptocurrency_MultiCoinTracker/Plots/LINK_price.png
2025-12-12T13:30:03 Saved price plot → /mnt/c/Users/yeonj/OneDrive/Cryptocurrency_MultiCoinTracker/Plots/LTC_price.png
2025-12-12T13:30:03 Generating 24h change plots (BTC, ETH)...
2025-12-12T13:30:03 Saved 24h change plot → /mnt/c/Users/yeonj/OneDrive/Cryptocurrency_MultiCoinTracker/Plots/BTC_change24.png
2025-12-12T13:30:04 Saved 24h change plot → /mnt/c/Users/yeonj/OneDrive/Cryptocurrency_MultiCoinTracker/Plots/ETH_change24.png
2025-12-12T13:30:04 Finished generating plots.
2025-12-12T14:00:01 Generating price plots for 10 cryptocurrencies...
2025-12-12T14:00:01 Saved price plot → /mnt/c/Users/yeonj/OneDrive/Cryptocurrency_MultiCoinTracker/Plots/BTC_price.png
2025-12-12T14:00:01 Saved price plot → /mnt/c/Users/yeonj/OneDrive/Cryptocurrency_MultiCoinTracker/Plots/ETH_price.png
2025-12-12T14:00:02 Saved price plot → /mnt/c/Users/yeonj/OneDrive/Cryptocurrency_MultiCoinTracker/Plots/SOL_price.png
2025-12-12T14:00:02 Saved price plot → /mnt/c/Users/yeonj/OneDrive/Cryptocurrency_MultiCoinTracker/Plots/BNB_price.png
2025-12-12T14:00:02 Saved price plot → /mnt/c/Users/yeonj/OneDrive/Cryptocurrency_MultiCoinTracker/Plots/XRP_price.png
2025-12-12T14:00:02 Saved price plot → /mnt/c/Users/yeonj/OneDrive/Cryptocurrency_MultiCoinTracker/Plots/ADA_price.png
2025-12-12T14:00:03 Saved price plot → /mnt/c/Users/yeonj/OneDrive/Cryptocurrency_MultiCoinTracker/Plots/DOGE_price.png
2025-12-12T14:00:03 Saved price plot → /mnt/c/Users/yeonj/OneDrive/Cryptocurrency_MultiCoinTracker/Plots/TRX_price.png
2025-12-12T14:00:03 Saved price plot → /mnt/c/Users/yeonj/OneDrive/Cryptocurrency_MultiCoinTracker/Plots/LINK_price.png
2025-12-12T14:00:03 Saved price plot → /mnt/c/Users/yeonj/OneDrive/Cryptocurrency_MultiCoinTracker/Plots/LTC_price.png
2025-12-12T14:00:03 Generating 24h change plots (BTC, ETH)...
2025-12-12T14:00:03 Saved 24h change plot → /mnt/c/Users/yeonj/OneDrive/Cryptocurrency_MultiCoinTracker/Plots/BTC_change24.png
2025-12-12T14:00:04 Saved 24h change plot → /mnt/c/Users/yeonj/OneDrive/Cryptocurrency_MultiCoinTracker/Plots/ETH_change24.png
2025-12-12T14:00:04 Finished generating plots.
2025-12-12T21:00:02 Generating price plots for 10 cryptocurrencies...
2025-12-12T21:00:02 Saved price plot → /mnt/c/Users/yeonj/OneDrive/Cryptocurrency_MultiCoinTracker/Plots/BTC_price.png
2025-12-12T21:00:03 Saved price plot → /mnt/c/Users/yeonj/OneDrive/Cryptocurrency_MultiCoinTracker/Plots/ETH_price.png
2025-12-12T21:00:04 Saved price plot → /mnt/c/Users/yeonj/OneDrive/Cryptocurrency_MultiCoinTracker/Plots/SOL_price.png
2025-12-12T21:00:04 Saved price plot → /mnt/c/Users/yeonj/OneDrive/Cryptocurrency_MultiCoinTracker/Plots/BNB_price.png
2025-12-12T21:00:05 Saved price plot → /mnt/c/Users/yeonj/OneDrive/Cryptocurrency_MultiCoinTracker/Plots/XRP_price.png
2025-12-12T21:00:05 Saved price plot → /mnt/c/Users/yeonj/OneDrive/Cryptocurrency_MultiCoinTracker/Plots/ADA_price.png
2025-12-12T21:00:06 Saved price plot → /mnt/c/Users/yeonj/OneDrive/Cryptocurrency_MultiCoinTracker/Plots/DOGE_price.png
2025-12-12T21:00:06 Saved price plot → /mnt/c/Users/yeonj/OneDrive/Cryptocurrency_MultiCoinTracker/Plots/TRX_price.png
2025-12-12T21:00:06 Saved price plot → /mnt/c/Users/yeonj/OneDrive/Cryptocurrency_MultiCoinTracker/Plots/LINK_price.png
2025-12-12T21:00:07 Saved price plot → /mnt/c/Users/yeonj/OneDrive/Cryptocurrency_MultiCoinTracker/Plots/LTC_price.png
2025-12-12T21:00:07 Generating 24h change plots (BTC, ETH)...
2025-12-12T21:00:07 Saved 24h change plot → /mnt/c/Users/yeonj/OneDrive/Cryptocurrency_MultiCoinTracker/Plots/BTC_change24.png
2025-12-12T21:00:08 Saved 24h change plot → /mnt/c/Users/yeonj/OneDrive/Cryptocurrency_MultiCoinTracker/Plots/ETH_change24.png
2025-12-12T21:00:08 Finished generating plots.
2025-12-12T21:08:10 Generating price plots for 10 cryptocurrencies...
2025-12-12T21:08:12 Saved price plot → /mnt/c/Users/yeonj/OneDrive/Cryptocurrency_MultiCoinTracker/Plots/BTC_price.png
2025-12-12T21:08:13 Saved price plot → /mnt/c/Users/yeonj/OneDrive/Cryptocurrency_MultiCoinTracker/Plots/ETH_price.png
2025-12-12T21:08:13 Saved price plot → /mnt/c/Users/yeonj/OneDrive/Cryptocurrency_MultiCoinTracker/Plots/SOL_price.png
2025-12-12T21:08:14 Saved price plot → /mnt/c/Users/yeonj/OneDrive/Cryptocurrency_MultiCoinTracker/Plots/BNB_price.png
2025-12-12T21:08:14 Saved price plot → /mnt/c/Users/yeonj/OneDrive/Cryptocurrency_MultiCoinTracker/Plots/XRP_price.png
2025-12-12T21:08:15 Saved price plot → /mnt/c/Users/yeonj/OneDrive/Cryptocurrency_MultiCoinTracker/Plots/ADA_price.png
2025-12-12T21:08:15 Saved price plot → /mnt/c/Users/yeonj/OneDrive/Cryptocurrency_MultiCoinTracker/Plots/DOGE_price.png
2025-12-12T21:08:16 Saved price plot → /mnt/c/Users/yeonj/OneDrive/Cryptocurrency_MultiCoinTracker/Plots/TRX_price.png
2025-12-12T21:08:16 Saved price plot → /mnt/c/Users/yeonj/OneDrive/Cryptocurrency_MultiCoinTracker/Plots/LINK_price.png
2025-12-12T21:08:17 Saved price plot → /mnt/c/Users/yeonj/OneDrive/Cryptocurrency_MultiCoinTracker/Plots/LTC_price.png
2025-12-12T21:08:17 Generating 24h change plots (BTC, ETH)...
2025-12-12T21:08:17 Saved 24h change plot → /mnt/c/Users/yeonj/OneDrive/Cryptocurrency_MultiCoinTracker/Plots/BTC_change24.png
2025-12-12T21:08:18 Saved 24h change plot → /mnt/c/Users/yeonj/OneDrive/Cryptocurrency_MultiCoinTracker/Plots/ETH_change24.png
2025-12-12T21:08:18 Finished generating plots.
2025-12-13T00:00:01 Generating price plots for 10 cryptocurrencies...
2025-12-13T00:00:03 Saved price plot → /mnt/c/Users/yeonj/OneDrive/Cryptocurrency_MultiCoinTracker/Plots/BTC_price.png
2025-12-13T00:00:04 Saved price plot → /mnt/c/Users/yeonj/OneDrive/Cryptocurrency_MultiCoinTracker/Plots/ETH_price.png
2025-12-13T00:00:04 Saved price plot → /mnt/c/Users/yeonj/OneDrive/Cryptocurrency_MultiCoinTracker/Plots/SOL_price.png
2025-12-13T00:00:05 Saved price plot → /mnt/c/Users/yeonj/OneDrive/Cryptocurrency_MultiCoinTracker/Plots/BNB_price.png
2025-12-13T00:00:05 Saved price plot → /mnt/c/Users/yeonj/OneDrive/Cryptocurrency_MultiCoinTracker/Plots/XRP_price.png
2025-12-13T00:00:06 Saved price plot → /mnt/c/Users/yeonj/OneDrive/Cryptocurrency_MultiCoinTracker/Plots/ADA_price.png
2025-12-13T00:00:06 Saved price plot → /mnt/c/Users/yeonj/OneDrive/Cryptocurrency_MultiCoinTracker/Plots/DOGE_price.png
2025-12-13T00:00:07 Saved price plot → /mnt/c/Users/yeonj/OneDrive/Cryptocurrency_MultiCoinTracker/Plots/TRX_price.png
2025-12-13T00:00:08 Saved price plot → /mnt/c/Users/yeonj/OneDrive/Cryptocurrency_MultiCoinTracker/Plots/LINK_price.png
2025-12-13T00:00:08 Saved price plot → /mnt/c/Users/yeonj/OneDrive/Cryptocurrency_MultiCoinTracker/Plots/LTC_price.png
2025-12-13T00:00:08 Generating 24h change plots (BTC, ETH)...
2025-12-13T00:00:08 Saved 24h change plot → /mnt/c/Users/yeonj/OneDrive/Cryptocurrency_MultiCoinTracker/Plots/BTC_change24.png
2025-12-13T00:00:09 Saved 24h change plot → /mnt/c/Users/yeonj/OneDrive/Cryptocurrency_MultiCoinTracker/Plots/ETH_change24.png
2025-12-13T00:00:09 Finished generating plots.
2025-12-13T12:00:01 Generating price plots for 10 cryptocurrencies...
2025-12-13T12:00:02 Saved price plot → /mnt/c/Users/yeonj/OneDrive/Cryptocurrency_MultiCoinTracker/Plots/BTC_price.png
2025-12-13T12:00:02 Saved price plot → /mnt/c/Users/yeonj/OneDrive/Cryptocurrency_MultiCoinTracker/Plots/ETH_price.png
2025-12-13T12:00:03 Saved price plot → /mnt/c/Users/yeonj/OneDrive/Cryptocurrency_MultiCoinTracker/Plots/SOL_price.png
2025-12-13T12:00:03 Saved price plot → /mnt/c/Users/yeonj/OneDrive/Cryptocurrency_MultiCoinTracker/Plots/BNB_price.png
2025-12-13T12:00:03 Saved price plot → /mnt/c/Users/yeonj/OneDrive/Cryptocurrency_MultiCoinTracker/Plots/XRP_price.png
2025-12-13T12:00:03 Saved price plot → /mnt/c/Users/yeonj/OneDrive/Cryptocurrency_MultiCoinTracker/Plots/ADA_price.png
2025-12-13T12:00:04 Saved price plot → /mnt/c/Users/yeonj/OneDrive/Cryptocurrency_MultiCoinTracker/Plots/DOGE_price.png
2025-12-13T12:00:04 Saved price plot → /mnt/c/Users/yeonj/OneDrive/Cryptocurrency_MultiCoinTracker/Plots/TRX_price.png
2025-12-13T12:00:04 Saved price plot → /mnt/c/Users/yeonj/OneDrive/Cryptocurrency_MultiCoinTracker/Plots/LINK_price.png
2025-12-13T12:00:04 Saved price plot → /mnt/c/Users/yeonj/OneDrive/Cryptocurrency_MultiCoinTracker/Plots/LTC_price.png
2025-12-13T12:00:04 Generating 24h change plots (BTC, ETH)...
2025-12-13T12:00:05 Saved 24h change plot → /mnt/c/Users/yeonj/OneDrive/Cryptocurrency_MultiCoinTracker/Plots/BTC_change24.png
2025-12-13T12:00:05 Saved 24h change plot → /mnt/c/Users/yeonj/OneDrive/Cryptocurrency_MultiCoinTracker/Plots/ETH_change24.png
2025-12-13T12:00:05 Finished generating plots.
2025-12-13T12:30:01 Generating price plots for 10 cryptocurrencies...
2025-12-13T12:30:02 Saved price plot → /mnt/c/Users/yeonj/OneDrive/Cryptocurrency_MultiCoinTracker/Plots/BTC_price.png
2025-12-13T12:30:02 Saved price plot → /mnt/c/Users/yeonj/OneDrive/Cryptocurrency_MultiCoinTracker/Plots/ETH_price.png
2025-12-13T12:30:02 Saved price plot → /mnt/c/Users/yeonj/OneDrive/Cryptocurrency_MultiCoinTracker/Plots/SOL_price.png
2025-12-13T12:30:02 Saved price plot → /mnt/c/Users/yeonj/OneDrive/Cryptocurrency_MultiCoinTracker/Plots/BNB_price.png
2025-12-13T12:30:03 Saved price plot → /mnt/c/Users/yeonj/OneDrive/Cryptocurrency_MultiCoinTracker/Plots/XRP_price.png
2025-12-13T12:30:03 Saved price plot → /mnt/c/Users/yeonj/OneDrive/Cryptocurrency_MultiCoinTracker/Plots/ADA_price.png
2025-12-13T12:30:03 Saved price plot → /mnt/c/Users/yeonj/OneDrive/Cryptocurrency_MultiCoinTracker/Plots/DOGE_price.png
2025-12-13T12:30:04 Saved price plot → /mnt/c/Users/yeonj/OneDrive/Cryptocurrency_MultiCoinTracker/Plots/TRX_price.png
2025-12-13T12:30:04 Saved price plot → /mnt/c/Users/yeonj/OneDrive/Cryptocurrency_MultiCoinTracker/Plots/LINK_price.png
2025-12-13T12:30:04 Saved price plot → /mnt/c/Users/yeonj/OneDrive/Cryptocurrency_MultiCoinTracker/Plots/LTC_price.png
2025-12-13T12:30:04 Generating 24h change plots (BTC, ETH)...
2025-12-13T12:30:05 Saved 24h change plot → /mnt/c/Users/yeonj/OneDrive/Cryptocurrency_MultiCoinTracker/Plots/BTC_change24.png
2025-12-13T12:30:05 Saved 24h change plot → /mnt/c/Users/yeonj/OneDrive/Cryptocurrency_MultiCoinTracker/Plots/ETH_change24.png
2025-12-13T12:30:05 Finished generating plots.
2025-12-13T13:00:01 Generating price plots for 10 cryptocurrencies...
2025-12-13T13:00:02 Saved price plot → /mnt/c/Users/yeonj/OneDrive/Cryptocurrency_MultiCoinTracker/Plots/BTC_price.png
2025-12-13T13:00:02 Saved price plot → /mnt/c/Users/yeonj/OneDrive/Cryptocurrency_MultiCoinTracker/Plots/ETH_price.png
2025-12-13T13:00:02 Saved price plot → /mnt/c/Users/yeonj/OneDrive/Cryptocurrency_MultiCoinTracker/Plots/SOL_price.png
2025-12-13T13:00:03 Saved price plot → /mnt/c/Users/yeonj/OneDrive/Cryptocurrency_MultiCoinTracker/Plots/BNB_price.png
2025-12-13T13:00:01 Saved price plot → /mnt/c/Users/yeonj/OneDrive/Cryptocurrency_MultiCoinTracker/Plots/XRP_price.png
2025-12-13T13:00:02 Saved price plot → /mnt/c/Users/yeonj/OneDrive/Cryptocurrency_MultiCoinTracker/Plots/ADA_price.png
2025-12-13T13:00:02 Saved price plot → /mnt/c/Users/yeonj/OneDrive/Cryptocurrency_MultiCoinTracker/Plots/DOGE_price.png
2025-12-13T13:00:02 Saved price plot → /mnt/c/Users/yeonj/OneDrive/Cryptocurrency_MultiCoinTracker/Plots/TRX_price.png
2025-12-13T13:00:02 Saved price plot → /mnt/c/Users/yeonj/OneDrive/Cryptocurrency_MultiCoinTracker/Plots/LINK_price.png
2025-12-13T13:00:03 Saved price plot → /mnt/c/Users/yeonj/OneDrive/Cryptocurrency_MultiCoinTracker/Plots/LTC_price.png
2025-12-13T13:00:03 Generating 24h change plots (BTC, ETH)...
2025-12-13T13:00:03 Saved 24h change plot → /mnt/c/Users/yeonj/OneDrive/Cryptocurrency_MultiCoinTracker/Plots/BTC_change24.png
2025-12-13T13:00:03 Saved 24h change plot → /mnt/c/Users/yeonj/OneDrive/Cryptocurrency_MultiCoinTracker/Plots/ETH_change24.png
2025-12-13T13:00:03 Finished generating plots.
2025-12-13T13:30:01 Generating price plots for 10 cryptocurrencies...
2025-12-13T13:30:02 Saved price plot → /mnt/c/Users/yeonj/OneDrive/Cryptocurrency_MultiCoinTracker/Plots/BTC_price.png
2025-12-13T13:30:02 Saved price plot → /mnt/c/Users/yeonj/OneDrive/Cryptocurrency_MultiCoinTracker/Plots/ETH_price.png
2025-12-13T13:30:03 Saved price plot → /mnt/c/Users/yeonj/OneDrive/Cryptocurrency_MultiCoinTracker/Plots/SOL_price.png
2025-12-13T13:30:03 Saved price plot → /mnt/c/Users/yeonj/OneDrive/Cryptocurrency_MultiCoinTracker/Plots/BNB_price.png
2025-12-13T13:30:03 Saved price plot → /mnt/c/Users/yeonj/OneDrive/Cryptocurrency_MultiCoinTracker/Plots/XRP_price.png
2025-12-13T13:30:03 Saved price plot → /mnt/c/Users/yeonj/OneDrive/Cryptocurrency_MultiCoinTracker/Plots/ADA_price.png
2025-12-13T13:30:04 Saved price plot → /mnt/c/Users/yeonj/OneDrive/Cryptocurrency_MultiCoinTracker/Plots/DOGE_price.png
2025-12-13T13:30:04 Saved price plot → /mnt/c/Users/yeonj/OneDrive/Cryptocurrency_MultiCoinTracker/Plots/TRX_price.png
2025-12-13T13:30:04 Saved price plot → /mnt/c/Users/yeonj/OneDrive/Cryptocurrency_MultiCoinTracker/Plots/LINK_price.png
2025-12-13T13:30:05 Saved price plot → /mnt/c/Users/yeonj/OneDrive/Cryptocurrency_MultiCoinTracker/Plots/LTC_price.png
2025-12-13T13:30:05 Generating 24h change plots (BTC, ETH)...
2025-12-13T13:30:05 Saved 24h change plot → /mnt/c/Users/yeonj/OneDrive/Cryptocurrency_MultiCoinTracker/Plots/BTC_change24.png
2025-12-13T13:30:05 Saved 24h change plot → /mnt/c/Users/yeonj/OneDrive/Cryptocurrency_MultiCoinTracker/Plots/ETH_change24.png
2025-12-13T13:30:05 Finished generating plots.
2025-12-13T14:00:01 Generating price plots for 10 cryptocurrencies...
2025-12-13T14:00:02 Saved price plot → /mnt/c/Users/yeonj/OneDrive/Cryptocurrency_MultiCoinTracker/Plots/BTC_price.png
2025-12-13T14:00:03 Saved price plot → /mnt/c/Users/yeonj/OneDrive/Cryptocurrency_MultiCoinTracker/Plots/ETH_price.png
2025-12-13T14:00:03 Saved price plot → /mnt/c/Users/yeonj/OneDrive/Cryptocurrency_MultiCoinTracker/Plots/SOL_price.png
2025-12-13T14:00:03 Saved price plot → /mnt/c/Users/yeonj/OneDrive/Cryptocurrency_MultiCoinTracker/Plots/BNB_price.png
2025-12-13T14:00:03 Saved price plot → /mnt/c/Users/yeonj/OneDrive/Cryptocurrency_MultiCoinTracker/Plots/XRP_price.png
2025-12-13T14:00:04 Saved price plot → /mnt/c/Users/yeonj/OneDrive/Cryptocurrency_MultiCoinTracker/Plots/ADA_price.png
2025-12-13T14:00:04 Saved price plot → /mnt/c/Users/yeonj/OneDrive/Cryptocurrency_MultiCoinTracker/Plots/DOGE_price.png
2025-12-13T14:00:04 Saved price plot → /mnt/c/Users/yeonj/OneDrive/Cryptocurrency_MultiCoinTracker/Plots/TRX_price.png
2025-12-13T14:00:05 Saved price plot → /mnt/c/Users/yeonj/OneDrive/Cryptocurrency_MultiCoinTracker/Plots/LINK_price.png
2025-12-13T14:00:05 Saved price plot → /mnt/c/Users/yeonj/OneDrive/Cryptocurrency_MultiCoinTracker/Plots/LTC_price.png
2025-12-13T14:00:05 Generating 24h change plots (BTC, ETH)...
2025-12-13T14:00:06 Saved 24h change plot → /mnt/c/Users/yeonj/OneDrive/Cryptocurrency_MultiCoinTracker/Plots/BTC_change24.png
2025-12-13T14:00:06 Saved 24h change plot → /mnt/c/Users/yeonj/OneDrive/Cryptocurrency_MultiCoinTracker/Plots/ETH_change24.png
2025-12-13T14:00:06 Finished generating plots.
2025-12-13T21:00:01 Generating price plots for 10 cryptocurrencies...
2025-12-13T21:00:03 Saved price plot → /mnt/c/Users/yeonj/OneDrive/Cryptocurrency_MultiCoinTracker/Plots/BTC_price.png
2025-12-13T21:00:03 Saved price plot → /mnt/c/Users/yeonj/OneDrive/Cryptocurrency_MultiCoinTracker/Plots/ETH_price.png
2025-12-13T21:00:04 Saved price plot → /mnt/c/Users/yeonj/OneDrive/Cryptocurrency_MultiCoinTracker/Plots/SOL_price.png
2025-12-13T21:00:05 Saved price plot → /mnt/c/Users/yeonj/OneDrive/Cryptocurrency_MultiCoinTracker/Plots/BNB_price.png
2025-12-13T21:00:05 Saved price plot → /mnt/c/Users/yeonj/OneDrive/Cryptocurrency_MultiCoinTracker/Plots/XRP_price.png
2025-12-13T21:00:06 Saved price plot → /mnt/c/Users/yeonj/OneDrive/Cryptocurrency_MultiCoinTracker/Plots/ADA_price.png
2025-12-13T21:00:06 Saved price plot → /mnt/c/Users/yeonj/OneDrive/Cryptocurrency_MultiCoinTracker/Plots/DOGE_price.png
2025-12-13T21:00:07 Saved price plot → /mnt/c/Users/yeonj/OneDrive/Cryptocurrency_MultiCoinTracker/Plots/TRX_price.png
2025-12-13T21:00:08 Saved price plot → /mnt/c/Users/yeonj/OneDrive/Cryptocurrency_MultiCoinTracker/Plots/LINK_price.png
2025-12-13T21:00:08 Saved price plot → /mnt/c/Users/yeonj/OneDrive/Cryptocurrency_MultiCoinTracker/Plots/LTC_price.png
2025-12-13T21:00:08 Generating 24h change plots (BTC, ETH)...
2025-12-13T21:00:09 Saved 24h change plot → /mnt/c/Users/yeonj/OneDrive/Cryptocurrency_MultiCoinTracker/Plots/BTC_change24.png
2025-12-13T21:00:10 Saved 24h change plot → /mnt/c/Users/yeonj/OneDrive/Cryptocurrency_MultiCoinTracker/Plots/ETH_change24.png
2025-12-13T21:00:10 Finished generating plots.
2025-12-14T00:00:02 Generating price plots for 10 cryptocurrencies...
2025-12-14T00:00:03 Saved price plot → /mnt/c/Users/yeonj/OneDrive/Cryptocurrency_MultiCoinTracker/Plots/BTC_price.png
2025-12-14T00:00:03 Saved price plot → /mnt/c/Users/yeonj/OneDrive/Cryptocurrency_MultiCoinTracker/Plots/ETH_price.png
2025-12-14T00:00:04 Saved price plot → /mnt/c/Users/yeonj/OneDrive/Cryptocurrency_MultiCoinTracker/Plots/SOL_price.png
2025-12-14T00:00:04 Saved price plot → /mnt/c/Users/yeonj/OneDrive/Cryptocurrency_MultiCoinTracker/Plots/BNB_price.png
2025-12-14T00:00:04 Saved price plot → /mnt/c/Users/yeonj/OneDrive/Cryptocurrency_MultiCoinTracker/Plots/XRP_price.png
2025-12-14T00:00:05 Saved price plot → /mnt/c/Users/yeonj/OneDrive/Cryptocurrency_MultiCoinTracker/Plots/ADA_price.png
2025-12-14T00:00:05 Saved price plot → /mnt/c/Users/yeonj/OneDrive/Cryptocurrency_MultiCoinTracker/Plots/DOGE_price.png
2025-12-14T00:00:06 Saved price plot → /mnt/c/Users/yeonj/OneDrive/Cryptocurrency_MultiCoinTracker/Plots/TRX_price.png
2025-12-14T00:00:06 Saved price plot → /mnt/c/Users/yeonj/OneDrive/Cryptocurrency_MultiCoinTracker/Plots/LINK_price.png
2025-12-14T00:00:06 Saved price plot → /mnt/c/Users/yeonj/OneDrive/Cryptocurrency_MultiCoinTracker/Plots/LTC_price.png
2025-12-14T00:00:06 Generating 24h change plots (BTC, ETH)...
2025-12-14T00:00:06 Saved 24h change plot → /mnt/c/Users/yeonj/OneDrive/Cryptocurrency_MultiCoinTracker/Plots/BTC_change24.png
2025-12-14T00:00:07 Saved 24h change plot → /mnt/c/Users/yeonj/OneDrive/Cryptocurrency_MultiCoinTracker/Plots/ETH_change24.png
2025-12-14T00:00:07 Finished generating plots.
2025-12-14T12:00:01 Generating price plots for 10 cryptocurrencies...
2025-12-14T12:00:01 Saved price plot → /mnt/c/Users/yeonj/OneDrive/Cryptocurrency_MultiCoinTracker/Plots/BTC_price.png
2025-12-14T12:00:02 Saved price plot → /mnt/c/Users/yeonj/OneDrive/Cryptocurrency_MultiCoinTracker/Plots/ETH_price.png
2025-12-14T12:00:02 Saved price plot → /mnt/c/Users/yeonj/OneDrive/Cryptocurrency_MultiCoinTracker/Plots/SOL_price.png
2025-12-14T12:00:02 Saved price plot → /mnt/c/Users/yeonj/OneDrive/Cryptocurrency_MultiCoinTracker/Plots/BNB_price.png
2025-12-14T12:00:02 Saved price plot → /mnt/c/Users/yeonj/OneDrive/Cryptocurrency_MultiCoinTracker/Plots/XRP_price.png
2025-12-14T12:00:02 Saved price plot → /mnt/c/Users/yeonj/OneDrive/Cryptocurrency_MultiCoinTracker/Plots/ADA_price.png
2025-12-14T12:00:02 Saved price plot → /mnt/c/Users/yeonj/OneDrive/Cryptocurrency_MultiCoinTracker/Plots/DOGE_price.png
2025-12-14T12:00:02 Saved price plot → /mnt/c/Users/yeonj/OneDrive/Cryptocurrency_MultiCoinTracker/Plots/TRX_price.png
2025-12-14T12:00:03 Saved price plot → /mnt/c/Users/yeonj/OneDrive/Cryptocurrency_MultiCoinTracker/Plots/LINK_price.png
2025-12-14T12:00:03 Saved price plot → /mnt/c/Users/yeonj/OneDrive/Cryptocurrency_MultiCoinTracker/Plots/LTC_price.png
2025-12-14T12:00:03 Generating 24h change plots (BTC, ETH)...
2025-12-14T12:00:03 Saved 24h change plot → /mnt/c/Users/yeonj/OneDrive/Cryptocurrency_MultiCoinTracker/Plots/BTC_change24.png
2025-12-14T12:00:03 Saved 24h change plot → /mnt/c/Users/yeonj/OneDrive/Cryptocurrency_MultiCoinTracker/Plots/ETH_change24.png
2025-12-14T12:00:03 Finished generating plots.
2025-12-14T12:30:00 Generating price plots for 10 cryptocurrencies...
2025-12-14T12:30:00 Saved price plot → /mnt/c/Users/yeonj/OneDrive/Cryptocurrency_MultiCoinTracker/Plots/BTC_price.png
2025-12-14T12:30:01 Saved price plot → /mnt/c/Users/yeonj/OneDrive/Cryptocurrency_MultiCoinTracker/Plots/ETH_price.png
2025-12-14T12:30:01 Saved price plot → /mnt/c/Users/yeonj/OneDrive/Cryptocurrency_MultiCoinTracker/Plots/SOL_price.png
2025-12-14T12:30:01 Saved price plot → /mnt/c/Users/yeonj/OneDrive/Cryptocurrency_MultiCoinTracker/Plots/BNB_price.png
2025-12-14T12:30:01 Saved price plot → /mnt/c/Users/yeonj/OneDrive/Cryptocurrency_MultiCoinTracker/Plots/XRP_price.png
2025-12-14T12:30:01 Saved price plot → /mnt/c/Users/yeonj/OneDrive/Cryptocurrency_MultiCoinTracker/Plots/ADA_price.png
2025-12-14T12:30:01 Saved price plot → /mnt/c/Users/yeonj/OneDrive/Cryptocurrency_MultiCoinTracker/Plots/DOGE_price.png
2025-12-14T12:30:01 Saved price plot → /mnt/c/Users/yeonj/OneDrive/Cryptocurrency_MultiCoinTracker/Plots/TRX_price.png
2025-12-14T12:30:02 Saved price plot → /mnt/c/Users/yeonj/OneDrive/Cryptocurrency_MultiCoinTracker/Plots/LINK_price.png
2025-12-14T12:30:02 Saved price plot → /mnt/c/Users/yeonj/OneDrive/Cryptocurrency_MultiCoinTracker/Plots/LTC_price.png
2025-12-14T12:30:02 Generating 24h change plots (BTC, ETH)...
2025-12-14T12:30:02 Saved 24h change plot → /mnt/c/Users/yeonj/OneDrive/Cryptocurrency_MultiCoinTracker/Plots/BTC_change24.png
2025-12-14T12:30:02 Saved 24h change plot → /mnt/c/Users/yeonj/OneDrive/Cryptocurrency_MultiCoinTracker/Plots/ETH_change24.png
2025-12-14T12:30:02 Finished generating plots.
2025-12-14T13:00:00 Generating price plots for 10 cryptocurrencies...
2025-12-14T13:00:00 Saved price plot → /mnt/c/Users/yeonj/OneDrive/Cryptocurrency_MultiCoinTracker/Plots/BTC_price.png
2025-12-14T13:00:01 Saved price plot → /mnt/c/Users/yeonj/OneDrive/Cryptocurrency_MultiCoinTracker/Plots/ETH_price.png
2025-12-14T13:00:01 Saved price plot → /mnt/c/Users/yeonj/OneDrive/Cryptocurrency_MultiCoinTracker/Plots/SOL_price.png
2025-12-14T13:00:01 Saved price plot → /mnt/c/Users/yeonj/OneDrive/Cryptocurrency_MultiCoinTracker/Plots/BNB_price.png
2025-12-14T13:00:01 Saved price plot → /mnt/c/Users/yeonj/OneDrive/Cryptocurrency_MultiCoinTracker/Plots/XRP_price.png
2025-12-14T13:00:01 Saved price plot → /mnt/c/Users/yeonj/OneDrive/Cryptocurrency_MultiCoinTracker/Plots/ADA_price.png
2025-12-14T13:00:02 Saved price plot → /mnt/c/Users/yeonj/OneDrive/Cryptocurrency_MultiCoinTracker/Plots/DOGE_price.png
2025-12-14T13:00:02 Saved price plot → /mnt/c/Users/yeonj/OneDrive/Cryptocurrency_MultiCoinTracker/Plots/TRX_price.png
2025-12-14T13:00:02 Saved price plot → /mnt/c/Users/yeonj/OneDrive/Cryptocurrency_MultiCoinTracker/Plots/LINK_price.png
2025-12-14T13:00:02 Saved price plot → /mnt/c/Users/yeonj/OneDrive/Cryptocurrency_MultiCoinTracker/Plots/LTC_price.png
2025-12-14T13:00:02 Generating 24h change plots (BTC, ETH)...
2025-12-14T13:00:02 Saved 24h change plot → /mnt/c/Users/yeonj/OneDrive/Cryptocurrency_MultiCoinTracker/Plots/BTC_change24.png
2025-12-14T13:00:03 Saved 24h change plot → /mnt/c/Users/yeonj/OneDrive/Cryptocurrency_MultiCoinTracker/Plots/ETH_change24.png
2025-12-14T13:00:03 Finished generating plots.
2025-12-14T13:30:02 Generating price plots for 10 cryptocurrencies...
2025-12-14T13:30:02 Saved price plot → /mnt/c/Users/yeonj/OneDrive/Cryptocurrency_MultiCoinTracker/Plots/BTC_price.png
2025-12-14T13:30:02 Saved price plot → /mnt/c/Users/yeonj/OneDrive/Cryptocurrency_MultiCoinTracker/Plots/ETH_price.png
2025-12-14T13:30:02 Saved price plot → /mnt/c/Users/yeonj/OneDrive/Cryptocurrency_MultiCoinTracker/Plots/SOL_price.png
2025-12-14T13:30:02 Saved price plot → /mnt/c/Users/yeonj/OneDrive/Cryptocurrency_MultiCoinTracker/Plots/BNB_price.png
2025-12-14T13:30:02 Saved price plot → /mnt/c/Users/yeonj/OneDrive/Cryptocurrency_MultiCoinTracker/Plots/XRP_price.png
2025-12-14T13:30:03 Saved price plot → /mnt/c/Users/yeonj/OneDrive/Cryptocurrency_MultiCoinTracker/Plots/ADA_price.png
2025-12-14T13:30:03 Saved price plot → /mnt/c/Users/yeonj/OneDrive/Cryptocurrency_MultiCoinTracker/Plots/DOGE_price.png
2025-12-14T13:30:03 Saved price plot → /mnt/c/Users/yeonj/OneDrive/Cryptocurrency_MultiCoinTracker/Plots/TRX_price.png
2025-12-14T13:30:03 Saved price plot → /mnt/c/Users/yeonj/OneDrive/Cryptocurrency_MultiCoinTracker/Plots/LINK_price.png
2025-12-14T13:30:03 Saved price plot → /mnt/c/Users/yeonj/OneDrive/Cryptocurrency_MultiCoinTracker/Plots/LTC_price.png
2025-12-14T13:30:03 Generating 24h change plots (BTC, ETH)...
2025-12-14T13:30:04 Saved 24h change plot → /mnt/c/Users/yeonj/OneDrive/Cryptocurrency_MultiCoinTracker/Plots/BTC_change24.png
2025-12-14T13:30:04 Saved 24h change plot → /mnt/c/Users/yeonj/OneDrive/Cryptocurrency_MultiCoinTracker/Plots/ETH_change24.png
2025-12-14T13:30:04 Finished generating plots.
2025-12-14T14:00:00 Generating price plots for 10 cryptocurrencies...
2025-12-14T14:00:00 Saved price plot → /mnt/c/Users/yeonj/OneDrive/Cryptocurrency_MultiCoinTracker/Plots/BTC_price.png
2025-12-14T14:00:00 Saved price plot → /mnt/c/Users/yeonj/OneDrive/Cryptocurrency_MultiCoinTracker/Plots/ETH_price.png
2025-12-14T14:00:01 Saved price plot → /mnt/c/Users/yeonj/OneDrive/Cryptocurrency_MultiCoinTracker/Plots/SOL_price.png
2025-12-14T14:00:01 Saved price plot → /mnt/c/Users/yeonj/OneDrive/Cryptocurrency_MultiCoinTracker/Plots/BNB_price.png
2025-12-14T14:00:01 Saved price plot → /mnt/c/Users/yeonj/OneDrive/Cryptocurrency_MultiCoinTracker/Plots/XRP_price.png
2025-12-14T14:00:01 Saved price plot → /mnt/c/Users/yeonj/OneDrive/Cryptocurrency_MultiCoinTracker/Plots/ADA_price.png
2025-12-14T14:00:02 Saved price plot → /mnt/c/Users/yeonj/OneDrive/Cryptocurrency_MultiCoinTracker/Plots/DOGE_price.png
2025-12-14T14:00:02 Saved price plot → /mnt/c/Users/yeonj/OneDrive/Cryptocurrency_MultiCoinTracker/Plots/TRX_price.png
2025-12-14T14:00:02 Saved price plot → /mnt/c/Users/yeonj/OneDrive/Cryptocurrency_MultiCoinTracker/Plots/LINK_price.png
2025-12-14T14:00:02 Saved price plot → /mnt/c/Users/yeonj/OneDrive/Cryptocurrency_MultiCoinTracker/Plots/LTC_price.png
2025-12-14T14:00:02 Generating 24h change plots (BTC, ETH)...
2025-12-14T14:00:03 Saved 24h change plot → /mnt/c/Users/yeonj/OneDrive/Cryptocurrency_MultiCoinTracker/Plots/BTC_change24.png
2025-12-14T14:00:03 Saved 24h change plot → /mnt/c/Users/yeonj/OneDrive/Cryptocurrency_MultiCoinTracker/Plots/ETH_change24.png
2025-12-14T14:00:03 Finished generating plots.
2025-12-14T20:01:36 Generating price plots for 10 cryptocurrencies...
2025-12-14T20:01:37 Saved price plot → /mnt/c/Users/yeonj/OneDrive/Cryptocurrency_MultiCoinTracker/Plots/BTC_price.png
2025-12-14T20:01:37 Saved price plot → /mnt/c/Users/yeonj/OneDrive/Cryptocurrency_MultiCoinTracker/Plots/ETH_price.png
2025-12-14T20:01:37 Saved price plot → /mnt/c/Users/yeonj/OneDrive/Cryptocurrency_MultiCoinTracker/Plots/SOL_price.png
2025-12-14T20:01:37 Saved price plot → /mnt/c/Users/yeonj/OneDrive/Cryptocurrency_MultiCoinTracker/Plots/BNB_price.png
2025-12-14T20:01:38 Saved price plot → /mnt/c/Users/yeonj/OneDrive/Cryptocurrency_MultiCoinTracker/Plots/XRP_price.png
2025-12-14T20:01:38 Saved price plot → /mnt/c/Users/yeonj/OneDrive/Cryptocurrency_MultiCoinTracker/Plots/ADA_price.png
2025-12-14T20:01:38 Saved price plot → /mnt/c/Users/yeonj/OneDrive/Cryptocurrency_MultiCoinTracker/Plots/DOGE_price.png
2025-12-14T20:01:38 Saved price plot → /mnt/c/Users/yeonj/OneDrive/Cryptocurrency_MultiCoinTracker/Plots/TRX_price.png
2025-12-14T20:01:38 Saved price plot → /mnt/c/Users/yeonj/OneDrive/Cryptocurrency_MultiCoinTracker/Plots/LINK_price.png
2025-12-14T20:01:39 Saved price plot → /mnt/c/Users/yeonj/OneDrive/Cryptocurrency_MultiCoinTracker/Plots/LTC_price.png
2025-12-14T20:01:39 Generating 24h change plots (BTC, ETH)...
2025-12-14T20:01:39 Saved 24h change plot → /mnt/c/Users/yeonj/OneDrive/Cryptocurrency_MultiCoinTracker/Plots/BTC_change24.png
2025-12-14T20:01:39 Saved 24h change plot → /mnt/c/Users/yeonj/OneDrive/Cryptocurrency_MultiCoinTracker/Plots/ETH_change24.png
2025-12-14T20:01:39 Finished generating plots.
2025-12-14T21:00:01 Generating price plots for 10 cryptocurrencies...
2025-12-14T21:00:02 Saved price plot → /mnt/c/Users/yeonj/OneDrive/Cryptocurrency_MultiCoinTracker/Plots/BTC_price.png
2025-12-14T21:00:02 Saved price plot → /mnt/c/Users/yeonj/OneDrive/Cryptocurrency_MultiCoinTracker/Plots/ETH_price.png
2025-12-14T21:00:02 Saved price plot → /mnt/c/Users/yeonj/OneDrive/Cryptocurrency_MultiCoinTracker/Plots/SOL_price.png
2025-12-14T21:00:02 Saved price plot → /mnt/c/Users/yeonj/OneDrive/Cryptocurrency_MultiCoinTracker/Plots/BNB_price.png
2025-12-14T21:00:03 Saved price plot → /mnt/c/Users/yeonj/OneDrive/Cryptocurrency_MultiCoinTracker/Plots/XRP_price.png
2025-12-14T21:00:03 Saved price plot → /mnt/c/Users/yeonj/OneDrive/Cryptocurrency_MultiCoinTracker/Plots/ADA_price.png
2025-12-14T21:00:03 Saved price plot → /mnt/c/Users/yeonj/OneDrive/Cryptocurrency_MultiCoinTracker/Plots/DOGE_price.png
2025-12-14T21:00:03 Saved price plot → /mnt/c/Users/yeonj/OneDrive/Cryptocurrency_MultiCoinTracker/Plots/TRX_price.png
2025-12-14T21:00:04 Saved price plot → /mnt/c/Users/yeonj/OneDrive/Cryptocurrency_MultiCoinTracker/Plots/LINK_price.png
2025-12-14T21:00:04 Saved price plot → /mnt/c/Users/yeonj/OneDrive/Cryptocurrency_MultiCoinTracker/Plots/LTC_price.png
2025-12-14T21:00:04 Generating 24h change plots (BTC, ETH)...
2025-12-14T21:00:04 Saved 24h change plot → /mnt/c/Users/yeonj/OneDrive/Cryptocurrency_MultiCoinTracker/Plots/BTC_change24.png
2025-12-14T21:00:04 Saved 24h change plot → /mnt/c/Users/yeonj/OneDrive/Cryptocurrency_MultiCoinTracker/Plots/ETH_change24.png
2025-12-14T21:00:04 Finished generating plots.
2025-12-14T21:45:55 Generating price plots for 10 cryptocurrencies...
2025-12-14T21:45:56 Saved price plot → /mnt/c/Users/yeonj/OneDrive/Cryptocurrency_MultiCoinTracker/Plots/BTC_price.png
2025-12-14T21:45:56 Saved price plot → /mnt/c/Users/yeonj/OneDrive/Cryptocurrency_MultiCoinTracker/Plots/ETH_price.png
2025-12-14T21:45:56 Saved price plot → /mnt/c/Users/yeonj/OneDrive/Cryptocurrency_MultiCoinTracker/Plots/SOL_price.png
2025-12-14T21:45:56 Saved price plot → /mnt/c/Users/yeonj/OneDrive/Cryptocurrency_MultiCoinTracker/Plots/BNB_price.png
2025-12-14T21:45:56 Saved price plot → /mnt/c/Users/yeonj/OneDrive/Cryptocurrency_MultiCoinTracker/Plots/XRP_price.png
2025-12-14T21:45:57 Saved price plot → /mnt/c/Users/yeonj/OneDrive/Cryptocurrency_MultiCoinTracker/Plots/ADA_price.png
2025-12-14T21:45:57 Saved price plot → /mnt/c/Users/yeonj/OneDrive/Cryptocurrency_MultiCoinTracker/Plots/DOGE_price.png
2025-12-14T21:45:57 Saved price plot → /mnt/c/Users/yeonj/OneDrive/Cryptocurrency_MultiCoinTracker/Plots/TRX_price.png
2025-12-14T21:45:57 Saved price plot → /mnt/c/Users/yeonj/OneDrive/Cryptocurrency_MultiCoinTracker/Plots/LINK_price.png
2025-12-14T21:45:57 Saved price plot → /mnt/c/Users/yeonj/OneDrive/Cryptocurrency_MultiCoinTracker/Plots/LTC_price.png
2025-12-14T21:45:57 Generating 24h change plots (BTC, ETH)...
2025-12-14T21:45:58 Saved 24h change plot → /mnt/c/Users/yeonj/OneDrive/Cryptocurrency_MultiCoinTracker/Plots/BTC_change24.png
2025-12-14T21:45:58 Saved 24h change plot → /mnt/c/Users/yeonj/OneDrive/Cryptocurrency_MultiCoinTracker/Plots/ETH_change24.png
2025-12-14T21:45:58 Generating market cap plots (BTC, ETH)...
2025-12-14T21:45:58 Saved market cap plot → /mnt/c/Users/yeonj/OneDrive/Cryptocurrency_MultiCoinTracker/Plots/BTC_marketcap.png
2025-12-14T21:45:58 Saved market cap plot → /mnt/c/Users/yeonj/OneDrive/Cryptocurrency_MultiCoinTracker/Plots/ETH_marketcap.png
2025-12-14T21:45:58 Generating 24h volume plots (BTC, ETH)...
2025-12-14T21:45:58 Saved 24h volume plot → /mnt/c/Users/yeonj/OneDrive/Cryptocurrency_MultiCoinTracker/Plots/BTC_volume24h.png
2025-12-14T21:45:57 Saved 24h volume plot → /mnt/c/Users/yeonj/OneDrive/Cryptocurrency_MultiCoinTracker/Plots/ETH_volume24h.png
2025-12-14T21:45:57 Finished generating plots.
2025-12-15T00:02:01 Generating price plots for 10 cryptocurrencies...
2025-12-15T00:02:02 Saved price plot → /mnt/c/Users/yeonj/OneDrive/Cryptocurrency_MultiCoinTracker/Plots/BTC_price.png
2025-12-15T00:02:02 Saved price plot → /mnt/c/Users/yeonj/OneDrive/Cryptocurrency_MultiCoinTracker/Plots/ETH_price.png
2025-12-15T00:02:02 Saved price plot → /mnt/c/Users/yeonj/OneDrive/Cryptocurrency_MultiCoinTracker/Plots/SOL_price.png
2025-12-15T00:02:03 Saved price plot → /mnt/c/Users/yeonj/OneDrive/Cryptocurrency_MultiCoinTracker/Plots/BNB_price.png
2025-12-15T00:02:03 Saved price plot → /mnt/c/Users/yeonj/OneDrive/Cryptocurrency_MultiCoinTracker/Plots/XRP_price.png
2025-12-15T00:02:03 Saved price plot → /mnt/c/Users/yeonj/OneDrive/Cryptocurrency_MultiCoinTracker/Plots/ADA_price.png
2025-12-15T00:02:03 Saved price plot → /mnt/c/Users/yeonj/OneDrive/Cryptocurrency_MultiCoinTracker/Plots/DOGE_price.png
2025-12-15T00:02:04 Saved price plot → /mnt/c/Users/yeonj/OneDrive/Cryptocurrency_MultiCoinTracker/Plots/TRX_price.png
2025-12-15T00:02:04 Saved price plot → /mnt/c/Users/yeonj/OneDrive/Cryptocurrency_MultiCoinTracker/Plots/LINK_price.png
2025-12-15T00:02:04 Saved price plot → /mnt/c/Users/yeonj/OneDrive/Cryptocurrency_MultiCoinTracker/Plots/LTC_price.png
2025-12-15T00:02:04 Generating 24h change plots (BTC, ETH)...
2025-12-15T00:02:04 Saved 24h change plot → /mnt/c/Users/yeonj/OneDrive/Cryptocurrency_MultiCoinTracker/Plots/BTC_change24.png
2025-12-15T00:02:03 Saved 24h change plot → /mnt/c/Users/yeonj/OneDrive/Cryptocurrency_MultiCoinTracker/Plots/ETH_change24.png
2025-12-15T00:02:03 Generating market cap plots (BTC, ETH)...
2025-12-15T00:02:03 Saved market cap plot → /mnt/c/Users/yeonj/OneDrive/Cryptocurrency_MultiCoinTracker/Plots/BTC_marketcap.png
2025-12-15T00:02:04 Saved market cap plot → /mnt/c/Users/yeonj/OneDrive/Cryptocurrency_MultiCoinTracker/Plots/ETH_marketcap.png
2025-12-15T00:02:04 Generating 24h volume plots (BTC, ETH)...
2025-12-15T00:02:04 Saved 24h volume plot → /mnt/c/Users/yeonj/OneDrive/Cryptocurrency_MultiCoinTracker/Plots/BTC_volume24h.png
2025-12-15T00:02:04 Saved 24h volume plot → /mnt/c/Users/yeonj/OneDrive/Cryptocurrency_MultiCoinTracker/Plots/ETH_volume24h.png
2025-12-15T00:02:04 Finished generating plots.
2025-12-15T00:35:08 Generating price plots for 10 cryptocurrencies...
2025-12-15T00:35:09 Saved price plot → /mnt/c/Users/yeonj/OneDrive/Cryptocurrency_MultiCoinTracker/Plots/BTC_price.png
2025-12-15T00:35:09 Saved price plot → /mnt/c/Users/yeonj/OneDrive/Cryptocurrency_MultiCoinTracker/Plots/ETH_price.png
2025-12-15T00:35:09 Saved price plot → /mnt/c/Users/yeonj/OneDrive/Cryptocurrency_MultiCoinTracker/Plots/SOL_price.png
2025-12-15T00:35:10 Saved price plot → /mnt/c/Users/yeonj/OneDrive/Cryptocurrency_MultiCoinTracker/Plots/BNB_price.png
2025-12-15T00:35:10 Saved price plot → /mnt/c/Users/yeonj/OneDrive/Cryptocurrency_MultiCoinTracker/Plots/XRP_price.png
2025-12-15T00:35:10 Saved price plot → /mnt/c/Users/yeonj/OneDrive/Cryptocurrency_MultiCoinTracker/Plots/ADA_price.png
2025-12-15T00:35:10 Saved price plot → /mnt/c/Users/yeonj/OneDrive/Cryptocurrency_MultiCoinTracker/Plots/DOGE_price.png
2025-12-15T00:35:11 Saved price plot → /mnt/c/Users/yeonj/OneDrive/Cryptocurrency_MultiCoinTracker/Plots/TRX_price.png
2025-12-15T00:35:11 Saved price plot → /mnt/c/Users/yeonj/OneDrive/Cryptocurrency_MultiCoinTracker/Plots/LINK_price.png
2025-12-15T00:35:11 Saved price plot → /mnt/c/Users/yeonj/OneDrive/Cryptocurrency_MultiCoinTracker/Plots/LTC_price.png
2025-12-15T00:35:11 Generating 24h change plots (BTC, ETH)...
2025-12-15T00:35:11 Saved 24h change plot → /mnt/c/Users/yeonj/OneDrive/Cryptocurrency_MultiCoinTracker/Plots/BTC_change24.png
2025-12-15T00:35:11 Saved 24h change plot → /mnt/c/Users/yeonj/OneDrive/Cryptocurrency_MultiCoinTracker/Plots/ETH_change24.png
2025-12-15T00:35:11 Generating market cap plots (BTC, ETH)...
2025-12-15T00:35:12 Saved market cap plot → /mnt/c/Users/yeonj/OneDrive/Cryptocurrency_MultiCoinTracker/Plots/BTC_marketcap.png
2025-12-15T00:35:12 Saved market cap plot → /mnt/c/Users/yeonj/OneDrive/Cryptocurrency_MultiCoinTracker/Plots/ETH_marketcap.png
2025-12-15T00:35:12 Generating 24h volume plots (BTC, ETH)...
2025-12-15T00:35:12 Saved 24h volume plot → /mnt/c/Users/yeonj/OneDrive/Cryptocurrency_MultiCoinTracker/Plots/BTC_volume24h.png
2025-12-15T00:35:12 Saved 24h volume plot → /mnt/c/Users/yeonj/OneDrive/Cryptocurrency_MultiCoinTracker/Plots/ETH_volume24h.png
2025-12-15T00:35:12 Finished generating plots.
2025-12-15T01:05:02 Generating price plots for 10 cryptocurrencies...
2025-12-15T01:05:03 Saved price plot → /mnt/c/Users/yeonj/OneDrive/Cryptocurrency_MultiCoinTracker/Plots/BTC_price.png
2025-12-15T01:05:03 Saved price plot → /mnt/c/Users/yeonj/OneDrive/Cryptocurrency_MultiCoinTracker/Plots/ETH_price.png
2025-12-15T01:05:04 Saved price plot → /mnt/c/Users/yeonj/OneDrive/Cryptocurrency_MultiCoinTracker/Plots/SOL_price.png
2025-12-15T01:05:04 Saved price plot → /mnt/c/Users/yeonj/OneDrive/Cryptocurrency_MultiCoinTracker/Plots/BNB_price.png
2025-12-15T01:05:04 Saved price plot → /mnt/c/Users/yeonj/OneDrive/Cryptocurrency_MultiCoinTracker/Plots/XRP_price.png
2025-12-15T01:05:04 Saved price plot → /mnt/c/Users/yeonj/OneDrive/Cryptocurrency_MultiCoinTracker/Plots/ADA_price.png
2025-12-15T01:05:05 Saved price plot → /mnt/c/Users/yeonj/OneDrive/Cryptocurrency_MultiCoinTracker/Plots/DOGE_price.png
2025-12-15T01:05:05 Saved price plot → /mnt/c/Users/yeonj/OneDrive/Cryptocurrency_MultiCoinTracker/Plots/TRX_price.png
2025-12-15T01:05:05 Saved price plot → /mnt/c/Users/yeonj/OneDrive/Cryptocurrency_MultiCoinTracker/Plots/LINK_price.png
2025-12-15T01:05:05 Saved price plot → /mnt/c/Users/yeonj/OneDrive/Cryptocurrency_MultiCoinTracker/Plots/LTC_price.png
2025-12-15T01:05:05 Generating 24h change plots (BTC, ETH)...
2025-12-15T01:05:05 Saved 24h change plot → /mnt/c/Users/yeonj/OneDrive/Cryptocurrency_MultiCoinTracker/Plots/BTC_change24.png
2025-12-15T01:05:06 Saved 24h change plot → /mnt/c/Users/yeonj/OneDrive/Cryptocurrency_MultiCoinTracker/Plots/ETH_change24.png
2025-12-15T01:05:06 Generating market cap plots (BTC, ETH)...
2025-12-15T01:05:06 Saved market cap plot → /mnt/c/Users/yeonj/OneDrive/Cryptocurrency_MultiCoinTracker/Plots/BTC_marketcap.png
2025-12-15T01:05:06 Saved market cap plot → /mnt/c/Users/yeonj/OneDrive/Cryptocurrency_MultiCoinTracker/Plots/ETH_marketcap.png
2025-12-15T01:05:06 Generating 24h volume plots (BTC, ETH)...
2025-12-15T01:05:06 Saved 24h volume plot → /mnt/c/Users/yeonj/OneDrive/Cryptocurrency_MultiCoinTracker/Plots/BTC_volume24h.png
2025-12-15T01:05:06 Saved 24h volume plot → /mnt/c/Users/yeonj/OneDrive/Cryptocurrency_MultiCoinTracker/Plots/ETH_volume24h.png
2025-12-15T01:05:06 Finished generating plots.


2025-12-15T14:58:22 Generating price plots for 10 cryptocurrencies...
2025-12-15T14:58:22 Saved price plot → /mnt/c/Users/yeonj/OneDrive/Cryptocurrency_MultiCoinTracker/Plots/BTC_price.png
2025-12-15T14:58:22 Saved price plot → /mnt/c/Users/yeonj/OneDrive/Cryptocurrency_MultiCoinTracker/Plots/ETH_price.png
2025-12-15T14:58:22 Saved price plot → /mnt/c/Users/yeonj/OneDrive/Cryptocurrency_MultiCoinTracker/Plots/SOL_price.png
2025-12-15T14:58:22 Saved price plot → /mnt/c/Users/yeonj/OneDrive/Cryptocurrency_MultiCoinTracker/Plots/BNB_price.png
2025-12-15T14:58:22 Saved price plot → /mnt/c/Users/yeonj/OneDrive/Cryptocurrency_MultiCoinTracker/Plots/XRP_price.png
2025-12-15T14:58:22 Saved price plot → /mnt/c/Users/yeonj/OneDrive/Cryptocurrency_MultiCoinTracker/Plots/ADA_price.png
2025-12-15T14:58:20 Saved price plot → /mnt/c/Users/yeonj/OneDrive/Cryptocurrency_MultiCoinTracker/Plots/DOGE_price.png
2025-12-15T14:58:20 Saved price plot → /mnt/c/Users/yeonj/OneDrive/Cryptocurrency_MultiCoinTracker/Plots/TRX_price.png
2025-12-15T14:58:21 Saved price plot → /mnt/c/Users/yeonj/OneDrive/Cryptocurrency_MultiCoinTracker/Plots/LINK_price.png
2025-12-15T14:58:21 Saved price plot → /mnt/c/Users/yeonj/OneDrive/Cryptocurrency_MultiCoinTracker/Plots/LTC_price.png
2025-12-15T14:58:21 Generating 24h change plots (BTC, ETH)...
2025-12-15T14:58:21 Saved 24h change plot → /mnt/c/Users/yeonj/OneDrive/Cryptocurrency_MultiCoinTracker/Plots/BTC_change24.png
2025-12-15T14:58:21 Saved 24h change plot → /mnt/c/Users/yeonj/OneDrive/Cryptocurrency_MultiCoinTracker/Plots/ETH_change24.png
2025-12-15T14:58:21 Generating market cap plots (BTC, ETH)...
2025-12-15T14:58:21 Saved market cap plot → /mnt/c/Users/yeonj/OneDrive/Cryptocurrency_MultiCoinTracker/Plots/BTC_marketcap.png
2025-12-15T14:58:21 Saved market cap plot → /mnt/c/Users/yeonj/OneDrive/Cryptocurrency_MultiCoinTracker/Plots/ETH_marketcap.png
2025-12-15T14:58:21 Generating 24h volume plots (BTC, ETH)...
2025-12-15T14:58:21 Saved 24h volume plot → /mnt/c/Users/yeonj/OneDrive/Cryptocurrency_MultiCoinTracker/Plots/BTC_volume24h.png
2025-12-15T14:58:21 Saved 24h volume plot → /mnt/c/Users/yeonj/OneDrive/Cryptocurrency_MultiCoinTracker/Plots/ETH_volume24h.png
2025-12-15T14:58:21 Finished generating plots.
2025-12-15T15:02:08 Generating price plots for 10 cryptocurrencies...
2025-12-15T15:02:08 Saved price plot → /mnt/c/Users/yeonj/OneDrive/Cryptocurrency_MultiCoinTracker/Plots/BTC_price.png
2025-12-15T15:02:08 Saved price plot → /mnt/c/Users/yeonj/OneDrive/Cryptocurrency_MultiCoinTracker/Plots/ETH_price.png
2025-12-15T15:02:08 Saved price plot → /mnt/c/Users/yeonj/OneDrive/Cryptocurrency_MultiCoinTracker/Plots/SOL_price.png
2025-12-15T15:02:08 Saved price plot → /mnt/c/Users/yeonj/OneDrive/Cryptocurrency_MultiCoinTracker/Plots/BNB_price.png
2025-12-15T15:02:08 Saved price plot → /mnt/c/Users/yeonj/OneDrive/Cryptocurrency_MultiCoinTracker/Plots/XRP_price.png
2025-12-15T15:02:08 Saved price plot → /mnt/c/Users/yeonj/OneDrive/Cryptocurrency_MultiCoinTracker/Plots/ADA_price.png
2025-12-15T15:02:08 Saved price plot → /mnt/c/Users/yeonj/OneDrive/Cryptocurrency_MultiCoinTracker/Plots/DOGE_price.png
2025-12-15T15:02:09 Saved price plot → /mnt/c/Users/yeonj/OneDrive/Cryptocurrency_MultiCoinTracker/Plots/TRX_price.png
2025-12-15T15:02:09 Saved price plot → /mnt/c/Users/yeonj/OneDrive/Cryptocurrency_MultiCoinTracker/Plots/LINK_price.png
2025-12-15T15:02:09 Saved price plot → /mnt/c/Users/yeonj/OneDrive/Cryptocurrency_MultiCoinTracker/Plots/LTC_price.png
2025-12-15T15:02:09 Generating 24h change plots (BTC, ETH)...
2025-12-15T15:02:09 Saved 24h change plot → /mnt/c/Users/yeonj/OneDrive/Cryptocurrency_MultiCoinTracker/Plots/BTC_change24.png
2025-12-15T15:02:09 Saved 24h change plot → /mnt/c/Users/yeonj/OneDrive/Cryptocurrency_MultiCoinTracker/Plots/ETH_change24.png
2025-12-15T15:02:09 Generating market cap plots (BTC, ETH)...
2025-12-15T15:02:09 Saved market cap plot → /mnt/c/Users/yeonj/OneDrive/Cryptocurrency_MultiCoinTracker/Plots/BTC_marketcap.png
2025-12-15T15:02:09 Saved market cap plot → /mnt/c/Users/yeonj/OneDrive/Cryptocurrency_MultiCoinTracker/Plots/ETH_marketcap.png
2025-12-15T15:02:09 Generating 24h volume plots (BTC, ETH)...
2025-12-15T15:02:09 Saved 24h volume plot → /mnt/c/Users/yeonj/OneDrive/Cryptocurrency_MultiCoinTracker/Plots/BTC_volume24h.png
2025-12-15T15:02:09 Saved 24h volume plot → /mnt/c/Users/yeonj/OneDrive/Cryptocurrency_MultiCoinTracker/Plots/ETH_volume24h.png
2025-12-15T15:02:09 Finished generating plots.
2025-12-15T15:02:25 Generating price plots for 10 cryptocurrencies...
2025-12-15T15:02:25 Saved price plot → /mnt/c/Users/yeonj/OneDrive/Cryptocurrency_MultiCoinTracker/Plots/BTC_price.png
2025-12-15T15:02:25 Saved price plot → /mnt/c/Users/yeonj/OneDrive/Cryptocurrency_MultiCoinTracker/Plots/ETH_price.png
2025-12-15T15:02:25 Saved price plot → /mnt/c/Users/yeonj/OneDrive/Cryptocurrency_MultiCoinTracker/Plots/SOL_price.png
2025-12-15T15:02:26 Saved price plot → /mnt/c/Users/yeonj/OneDrive/Cryptocurrency_MultiCoinTracker/Plots/BNB_price.png
2025-12-15T15:02:26 Saved price plot → /mnt/c/Users/yeonj/OneDrive/Cryptocurrency_MultiCoinTracker/Plots/XRP_price.png
2025-12-15T15:02:26 Saved price plot → /mnt/c/Users/yeonj/OneDrive/Cryptocurrency_MultiCoinTracker/Plots/ADA_price.png
2025-12-15T15:02:26 Saved price plot → /mnt/c/Users/yeonj/OneDrive/Cryptocurrency_MultiCoinTracker/Plots/DOGE_price.png
2025-12-15T15:02:26 Saved price plot → /mnt/c/Users/yeonj/OneDrive/Cryptocurrency_MultiCoinTracker/Plots/TRX_price.png
2025-12-15T15:02:26 Saved price plot → /mnt/c/Users/yeonj/OneDrive/Cryptocurrency_MultiCoinTracker/Plots/LINK_price.png
2025-12-15T15:02:26 Saved price plot → /mnt/c/Users/yeonj/OneDrive/Cryptocurrency_MultiCoinTracker/Plots/LTC_price.png
2025-12-15T15:02:26 Generating 24h change plots (BTC, ETH)...
2025-12-15T15:02:26 Saved 24h change plot → /mnt/c/Users/yeonj/OneDrive/Cryptocurrency_MultiCoinTracker/Plots/BTC_change24.png
2025-12-15T15:02:26 Saved 24h change plot → /mnt/c/Users/yeonj/OneDrive/Cryptocurrency_MultiCoinTracker/Plots/ETH_change24.png
2025-12-15T15:02:26 Generating market cap plots (BTC, ETH)...
2025-12-15T15:02:26 Saved market cap plot → /mnt/c/Users/yeonj/OneDrive/Cryptocurrency_MultiCoinTracker/Plots/BTC_marketcap.png
2025-12-15T15:02:27 Saved market cap plot → /mnt/c/Users/yeonj/OneDrive/Cryptocurrency_MultiCoinTracker/Plots/ETH_marketcap.png
2025-12-15T15:02:27 Generating 24h volume plots (BTC, ETH)...
2025-12-15T15:02:27 Saved 24h volume plot → /mnt/c/Users/yeonj/OneDrive/Cryptocurrency_MultiCoinTracker/Plots/BTC_volume24h.png
2025-12-15T15:02:27 Saved 24h volume plot → /mnt/c/Users/yeonj/OneDrive/Cryptocurrency_MultiCoinTracker/Plots/ETH_volume24h.png
2025-12-15T15:02:27 Finished generating plots.
2025-12-15T15:03:46 Generating price plots for 10 cryptocurrencies...
2025-12-15T15:03:46 Saved price plot → /mnt/c/Users/yeonj/OneDrive/Cryptocurrency_MultiCoinTracker/Plots/BTC_price.png
2025-12-15T15:03:46 Saved price plot → /mnt/c/Users/yeonj/OneDrive/Cryptocurrency_MultiCoinTracker/Plots/ETH_price.png
2025-12-15T15:03:46 Saved price plot → /mnt/c/Users/yeonj/OneDrive/Cryptocurrency_MultiCoinTracker/Plots/SOL_price.png
2025-12-15T15:03:46 Saved price plot → /mnt/c/Users/yeonj/OneDrive/Cryptocurrency_MultiCoinTracker/Plots/BNB_price.png
2025-12-15T15:03:47 Saved price plot → /mnt/c/Users/yeonj/OneDrive/Cryptocurrency_MultiCoinTracker/Plots/XRP_price.png
2025-12-15T15:03:47 Saved price plot → /mnt/c/Users/yeonj/OneDrive/Cryptocurrency_MultiCoinTracker/Plots/ADA_price.png
2025-12-15T15:03:47 Saved price plot → /mnt/c/Users/yeonj/OneDrive/Cryptocurrency_MultiCoinTracker/Plots/DOGE_price.png
2025-12-15T15:03:47 Saved price plot → /mnt/c/Users/yeonj/OneDrive/Cryptocurrency_MultiCoinTracker/Plots/TRX_price.png
2025-12-15T15:03:47 Saved price plot → /mnt/c/Users/yeonj/OneDrive/Cryptocurrency_MultiCoinTracker/Plots/LINK_price.png
2025-12-15T15:03:47 Saved price plot → /mnt/c/Users/yeonj/OneDrive/Cryptocurrency_MultiCoinTracker/Plots/LTC_price.png
2025-12-15T15:03:47 Generating 24h change plots (BTC, ETH)...
2025-12-15T15:03:47 Saved 24h change plot → /mnt/c/Users/yeonj/OneDrive/Cryptocurrency_MultiCoinTracker/Plots/BTC_change24.png
2025-12-15T15:03:47 Saved 24h change plot → /mnt/c/Users/yeonj/OneDrive/Cryptocurrency_MultiCoinTracker/Plots/ETH_change24.png
2025-12-15T15:03:47 Generating market cap plots (BTC, ETH)...
2025-12-15T15:03:48 Saved market cap plot → /mnt/c/Users/yeonj/OneDrive/Cryptocurrency_MultiCoinTracker/Plots/BTC_marketcap.png
2025-12-15T15:03:48 Saved market cap plot → /mnt/c/Users/yeonj/OneDrive/Cryptocurrency_MultiCoinTracker/Plots/ETH_marketcap.png
2025-12-15T15:03:48 Generating 24h volume plots (BTC, ETH)...
2025-12-15T15:03:48 Saved 24h volume plot → /mnt/c/Users/yeonj/OneDrive/Cryptocurrency_MultiCoinTracker/Plots/BTC_volume24h.png
2025-12-15T15:03:48 Saved 24h volume plot → /mnt/c/Users/yeonj/OneDrive/Cryptocurrency_MultiCoinTracker/Plots/ETH_volume24h.png
2025-12-15T15:03:48 Finished generating plots.
2025-12-15T15:06:07 Generating price plots for 10 cryptocurrencies...
2025-12-15T15:06:07 Saved price plot → /mnt/c/Users/yeonj/OneDrive/Cryptocurrency_MultiCoinTracker/Plots/BTC_price.png
2025-12-15T15:06:07 Saved price plot → /mnt/c/Users/yeonj/OneDrive/Cryptocurrency_MultiCoinTracker/Plots/ETH_price.png
2025-12-15T15:06:07 Saved price plot → /mnt/c/Users/yeonj/OneDrive/Cryptocurrency_MultiCoinTracker/Plots/SOL_price.png
2025-12-15T15:06:07 Saved price plot → /mnt/c/Users/yeonj/OneDrive/Cryptocurrency_MultiCoinTracker/Plots/BNB_price.png
2025-12-15T15:06:08 Saved price plot → /mnt/c/Users/yeonj/OneDrive/Cryptocurrency_MultiCoinTracker/Plots/XRP_price.png
2025-12-15T15:06:08 Saved price plot → /mnt/c/Users/yeonj/OneDrive/Cryptocurrency_MultiCoinTracker/Plots/ADA_price.png
2025-12-15T15:06:08 Saved price plot → /mnt/c/Users/yeonj/OneDrive/Cryptocurrency_MultiCoinTracker/Plots/DOGE_price.png
2025-12-15T15:06:08 Saved price plot → /mnt/c/Users/yeonj/OneDrive/Cryptocurrency_MultiCoinTracker/Plots/TRX_price.png
2025-12-15T15:06:08 Saved price plot → /mnt/c/Users/yeonj/OneDrive/Cryptocurrency_MultiCoinTracker/Plots/LINK_price.png
2025-12-15T15:06:08 Saved price plot → /mnt/c/Users/yeonj/OneDrive/Cryptocurrency_MultiCoinTracker/Plots/LTC_price.png
2025-12-15T15:06:08 Generating 24h change plots (BTC, ETH)...
2025-12-15T15:06:08 Saved 24h change plot → /mnt/c/Users/yeonj/OneDrive/Cryptocurrency_MultiCoinTracker/Plots/BTC_change24.png
2025-12-15T15:06:08 Saved 24h change plot → /mnt/c/Users/yeonj/OneDrive/Cryptocurrency_MultiCoinTracker/Plots/ETH_change24.png
2025-12-15T15:06:08 Generating market cap plots (BTC, ETH)...
2025-12-15T15:06:08 Saved market cap plot → /mnt/c/Users/yeonj/OneDrive/Cryptocurrency_MultiCoinTracker/Plots/BTC_marketcap.png
2025-12-15T15:06:09 Saved market cap plot → /mnt/c/Users/yeonj/OneDrive/Cryptocurrency_MultiCoinTracker/Plots/ETH_marketcap.png
2025-12-15T15:06:09 Generating 24h volume plots (BTC, ETH)...
2025-12-15T15:06:09 Saved 24h volume plot → /mnt/c/Users/yeonj/OneDrive/Cryptocurrency_MultiCoinTracker/Plots/BTC_volume24h.png
2025-12-15T15:06:09 Saved 24h volume plot → /mnt/c/Users/yeonj/OneDrive/Cryptocurrency_MultiCoinTracker/Plots/ETH_volume24h.png
2025-12-15T15:06:09 Finished generating plots.
2025-12-15T15:06:44 Generating price plots for 10 cryptocurrencies...
2025-12-15T15:06:44 Saved price plot → /mnt/c/Users/yeonj/OneDrive/Cryptocurrency_MultiCoinTracker/Plots/BTC_price.png
2025-12-15T15:06:44 Saved price plot → /mnt/c/Users/yeonj/OneDrive/Cryptocurrency_MultiCoinTracker/Plots/ETH_price.png
2025-12-15T15:06:44 Saved price plot → /mnt/c/Users/yeonj/OneDrive/Cryptocurrency_MultiCoinTracker/Plots/SOL_price.png
2025-12-15T15:06:44 Saved price plot → /mnt/c/Users/yeonj/OneDrive/Cryptocurrency_MultiCoinTracker/Plots/BNB_price.png
2025-12-15T15:06:44 Saved price plot → /mnt/c/Users/yeonj/OneDrive/Cryptocurrency_MultiCoinTracker/Plots/XRP_price.png
2025-12-15T15:06:45 Saved price plot → /mnt/c/Users/yeonj/OneDrive/Cryptocurrency_MultiCoinTracker/Plots/ADA_price.png
2025-12-15T15:06:45 Saved price plot → /mnt/c/Users/yeonj/OneDrive/Cryptocurrency_MultiCoinTracker/Plots/DOGE_price.png
2025-12-15T15:06:45 Saved price plot → /mnt/c/Users/yeonj/OneDrive/Cryptocurrency_MultiCoinTracker/Plots/TRX_price.png
2025-12-15T15:06:45 Saved price plot → /mnt/c/Users/yeonj/OneDrive/Cryptocurrency_MultiCoinTracker/Plots/LINK_price.png
2025-12-15T15:06:45 Saved price plot → /mnt/c/Users/yeonj/OneDrive/Cryptocurrency_MultiCoinTracker/Plots/LTC_price.png
2025-12-15T15:06:45 Generating 24h change plots (BTC, ETH)...
2025-12-15T15:06:45 Saved 24h change plot → /mnt/c/Users/yeonj/OneDrive/Cryptocurrency_MultiCoinTracker/Plots/BTC_change24.png
2025-12-15T15:06:45 Saved 24h change plot → /mnt/c/Users/yeonj/OneDrive/Cryptocurrency_MultiCoinTracker/Plots/ETH_change24.png
2025-12-15T15:06:45 Generating market cap plots (BTC, ETH)...
2025-12-15T15:06:45 Saved market cap plot → /mnt/c/Users/yeonj/OneDrive/Cryptocurrency_MultiCoinTracker/Plots/BTC_marketcap.png
2025-12-15T15:06:45 Saved market cap plot → /mnt/c/Users/yeonj/OneDrive/Cryptocurrency_MultiCoinTracker/Plots/ETH_marketcap.png
2025-12-15T15:06:45 Generating 24h volume plots (BTC, ETH)...
2025-12-15T15:06:46 Saved 24h volume plot → /mnt/c/Users/yeonj/OneDrive/Cryptocurrency_MultiCoinTracker/Plots/BTC_volume24h.png
2025-12-15T15:06:46 Saved 24h volume plot → /mnt/c/Users/yeonj/OneDrive/Cryptocurrency_MultiCoinTracker/Plots/ETH_volume24h.png
2025-12-15T15:06:46 Finished generating plots.
2025-12-15T15:26:59 Generating price plots for 10 cryptocurrencies...
2025-12-15T15:26:59 Saved price plot → /mnt/c/Users/yeonj/OneDrive/Cryptocurrency_MultiCoinTracker/Plots/BTC_price.png
2025-12-15T15:26:59 Saved price plot → /mnt/c/Users/yeonj/OneDrive/Cryptocurrency_MultiCoinTracker/Plots/ETH_price.png
2025-12-15T15:26:59 Saved price plot → /mnt/c/Users/yeonj/OneDrive/Cryptocurrency_MultiCoinTracker/Plots/SOL_price.png
2025-12-15T15:27:00 Saved price plot → /mnt/c/Users/yeonj/OneDrive/Cryptocurrency_MultiCoinTracker/Plots/BNB_price.png
2025-12-15T15:27:00 Saved price plot → /mnt/c/Users/yeonj/OneDrive/Cryptocurrency_MultiCoinTracker/Plots/XRP_price.png
2025-12-15T15:27:00 Saved price plot → /mnt/c/Users/yeonj/OneDrive/Cryptocurrency_MultiCoinTracker/Plots/ADA_price.png
2025-12-15T15:27:00 Saved price plot → /mnt/c/Users/yeonj/OneDrive/Cryptocurrency_MultiCoinTracker/Plots/DOGE_price.png
2025-12-15T15:27:00 Saved price plot → /mnt/c/Users/yeonj/OneDrive/Cryptocurrency_MultiCoinTracker/Plots/TRX_price.png
2025-12-15T15:27:00 Saved price plot → /mnt/c/Users/yeonj/OneDrive/Cryptocurrency_MultiCoinTracker/Plots/LINK_price.png
2025-12-15T15:27:00 Saved price plot → /mnt/c/Users/yeonj/OneDrive/Cryptocurrency_MultiCoinTracker/Plots/LTC_price.png
2025-12-15T15:27:00 Generating 24h change plots (BTC, ETH)...
2025-12-15T15:27:00 Saved 24h change plot → /mnt/c/Users/yeonj/OneDrive/Cryptocurrency_MultiCoinTracker/Plots/BTC_change24.png
2025-12-15T15:27:00 Saved 24h change plot → /mnt/c/Users/yeonj/OneDrive/Cryptocurrency_MultiCoinTracker/Plots/ETH_change24.png
2025-12-15T15:27:00 Generating market cap plots (BTC, ETH)...
2025-12-15T15:27:01 Saved market cap plot → /mnt/c/Users/yeonj/OneDrive/Cryptocurrency_MultiCoinTracker/Plots/BTC_marketcap.png
2025-12-15T15:27:01 Saved market cap plot → /mnt/c/Users/yeonj/OneDrive/Cryptocurrency_MultiCoinTracker/Plots/ETH_marketcap.png
2025-12-15T15:27:01 Generating 24h volume plots (BTC, ETH)...
2025-12-15T15:27:01 Saved 24h volume plot → /mnt/c/Users/yeonj/OneDrive/Cryptocurrency_MultiCoinTracker/Plots/BTC_volume24h.png
2025-12-15T15:27:01 Saved 24h volume plot → /mnt/c/Users/yeonj/OneDrive/Cryptocurrency_MultiCoinTracker/Plots/ETH_volume24h.png
2025-12-15T15:27:01 Finished generating plots.
